{"C:\\ownercommunity\\ownercommuntiy-data-access\\jest.config.js": {"path":"C:\\ownercommunity\\ownercommuntiy-data-access\\jest.config.js","statementMap":{"0":{"start":{"line":2,"column":0},"end":{"line":18,"column":2}}},"fnMap":{},"branchMap":{},"s":{"0":0},"f":{},"b":{},"inputSourceMap":null}
,"C:\\ownercommunity\\ownercommuntiy-data-access\\domain\\contexts\\value-objects.ts": {"path":"C:\\ownercommunity\\ownercommuntiy-data-access\\domain\\contexts\\value-objects.ts","statementMap":{"0":{"start":{"line":1,"column":0},"end":{"line":1,"column":null}},"1":{"start":{"line":6,"column":22},"end":{"line":6,"column":157}},"2":{"start":{"line":7,"column":0},"end":{"line":7,"column":13}},"3":{"start":{"line":13,"column":21},"end":{"line":13,"column":97}},"4":{"start":{"line":14,"column":0},"end":{"line":14,"column":13}}},"fnMap":{},"branchMap":{},"s":{"0":0,"1":0,"2":0,"3":0,"4":0},"f":{},"b":{}}
,"C:\\ownercommunity\\ownercommuntiy-data-access\\domain\\contexts\\community\\account-value-objects.ts": {"path":"C:\\ownercommunity\\ownercommuntiy-data-access\\domain\\contexts\\community\\account-value-objects.ts","statementMap":{"0":{"start":{"line":1,"column":0},"end":{"line":1,"column":null}},"1":{"start":{"line":6,"column":13},"end":{"line":10,"column":null}},"2":{"start":{"line":12,"column":0},"end":{"line":12,"column":13}},"3":{"start":{"line":13,"column":0},"end":{"line":13,"column":13}},"4":{"start":{"line":14,"column":0},"end":{"line":14,"column":13}}},"fnMap":{},"branchMap":{},"s":{"0":0,"1":0,"2":0,"3":0,"4":0},"f":{},"b":{}}
,"C:\\ownercommunity\\ownercommuntiy-data-access\\domain\\contexts\\community\\account.ts": {"path":"C:\\ownercommunity\\ownercommuntiy-data-access\\domain\\contexts\\community\\account.ts","statementMap":{"0":{"start":{"line":1,"column":0},"end":{"line":1,"column":58}},"1":{"start":{"line":4,"column":0},"end":{"line":4,"column":68}},"2":{"start":{"line":27,"column":125},"end":{"line":27,"column":138}},"3":{"start":{"line":27,"column":52},"end":{"line":27,"column":83}},"4":{"start":{"line":27,"column":102},"end":{"line":27,"column":121}},"5":{"start":{"line":29,"column":27},"end":{"line":29,"column":55}},"6":{"start":{"line":30,"column":26},"end":{"line":30,"column":53}},"7":{"start":{"line":31,"column":35},"end":{"line":31,"column":81}},"8":{"start":{"line":32,"column":28},"end":{"line":32,"column":57}},"9":{"start":{"line":33,"column":40},"end":{"line":33,"column":92}},"10":{"start":{"line":37,"column":4},"end":{"line":42,"column":null}},"11":{"start":{"line":38,"column":6},"end":{"line":40,"column":85}},"12":{"start":{"line":41,"column":6},"end":{"line":41,"column":75}},"13":{"start":{"line":46,"column":4},"end":{"line":46,"column":24}},"14":{"start":{"line":47,"column":4},"end":{"line":47,"column":47}},"15":{"start":{"line":50,"column":4},"end":{"line":50,"column":24}},"16":{"start":{"line":51,"column":4},"end":{"line":51,"column":45}},"17":{"start":{"line":54,"column":4},"end":{"line":54,"column":24}},"18":{"start":{"line":55,"column":4},"end":{"line":55,"column":32}},"19":{"start":{"line":58,"column":4},"end":{"line":58,"column":null}},"20":{"start":{"line":58,"column":47},"end":{"line":58,"column":106}},"21":{"start":{"line":58,"column":111},"end":{"line":58,"column":180}},"22":{"start":{"line":59,"column":4},"end":{"line":59,"column":49}},"23":{"start":{"line":62,"column":4},"end":{"line":62,"column":24}},"24":{"start":{"line":63,"column":4},"end":{"line":63,"column":42}},"25":{"start":{"line":26,"column":0},"end":{"line":26,"column":13}}},"fnMap":{"0":{"name":"(anonymous_0)","decl":{"start":{"line":27,"column":2},"end":{"line":27,"column":14}},"loc":{"start":{"line":27,"column":121},"end":{"line":27,"column":140}}},"1":{"name":"(anonymous_1)","decl":{"start":{"line":29,"column":2},"end":{"line":29,"column":6}},"loc":{"start":{"line":29,"column":15},"end":{"line":29,"column":56}}},"2":{"name":"(anonymous_2)","decl":{"start":{"line":30,"column":2},"end":{"line":30,"column":6}},"loc":{"start":{"line":30,"column":14},"end":{"line":30,"column":54}}},"3":{"name":"(anonymous_3)","decl":{"start":{"line":31,"column":2},"end":{"line":31,"column":6}},"loc":{"start":{"line":31,"column":10},"end":{"line":31,"column":82}}},"4":{"name":"(anonymous_4)","decl":{"start":{"line":32,"column":2},"end":{"line":32,"column":6}},"loc":{"start":{"line":32,"column":16},"end":{"line":32,"column":58}}},"5":{"name":"(anonymous_5)","decl":{"start":{"line":33,"column":2},"end":{"line":33,"column":6}},"loc":{"start":{"line":33,"column":15},"end":{"line":33,"column":93}}},"6":{"name":"(anonymous_6)","decl":{"start":{"line":36,"column":10},"end":{"line":36,"column":22}},"loc":{"start":{"line":36,"column":22},"end":{"line":43,"column":3}}},"7":{"name":"(anonymous_7)","decl":{"start":{"line":37,"column":30},"end":{"line":37,"column":31}},"loc":{"start":{"line":38,"column":6},"end":{"line":40,"column":85}}},"8":{"name":"(anonymous_8)","decl":{"start":{"line":45,"column":2},"end":{"line":45,"column":21}},"loc":{"start":{"line":45,"column":55},"end":{"line":48,"column":3}}},"9":{"name":"(anonymous_9)","decl":{"start":{"line":49,"column":2},"end":{"line":49,"column":20}},"loc":{"start":{"line":49,"column":52},"end":{"line":52,"column":3}}},"10":{"name":"(anonymous_10)","decl":{"start":{"line":53,"column":2},"end":{"line":53,"column":16}},"loc":{"start":{"line":53,"column":32},"end":{"line":56,"column":3}}},"11":{"name":"(anonymous_11)","decl":{"start":{"line":57,"column":2},"end":{"line":57,"column":22}},"loc":{"start":{"line":57,"column":65},"end":{"line":60,"column":3}}},"12":{"name":"(anonymous_12)","decl":{"start":{"line":58,"column":30},"end":{"line":58,"column":31}},"loc":{"start":{"line":58,"column":47},"end":{"line":58,"column":106}}},"13":{"name":"(anonymous_13)","decl":{"start":{"line":61,"column":2},"end":{"line":61,"column":21}},"loc":{"start":{"line":61,"column":42},"end":{"line":64,"column":3}}}},"branchMap":{"0":{"loc":{"start":{"line":37,"column":4},"end":{"line":42,"column":null}},"type":"if","locations":[{"start":{"line":37,"column":4},"end":{"line":42,"column":null}}]},"1":{"loc":{"start":{"line":38,"column":6},"end":{"line":40,"column":85}},"type":"binary-expr","locations":[{"start":{"line":38,"column":6},"end":{"line":38,"column":33}},{"start":{"line":39,"column":6},"end":{"line":39,"column":34}},{"start":{"line":40,"column":7},"end":{"line":40,"column":43}},{"start":{"line":40,"column":47},"end":{"line":40,"column":84}}]},"2":{"loc":{"start":{"line":58,"column":4},"end":{"line":58,"column":null}},"type":"if","locations":[{"start":{"line":58,"column":4},"end":{"line":58,"column":null}}]},"3":{"loc":{"start":{"line":58,"column":47},"end":{"line":58,"column":106}},"type":"binary-expr","locations":[{"start":{"line":58,"column":47},"end":{"line":58,"column":74}},{"start":{"line":58,"column":78},"end":{"line":58,"column":106}}]}},"s":{"0":0,"1":0,"2":0,"3":0,"4":0,"5":0,"6":0,"7":0,"8":0,"9":0,"10":0,"11":0,"12":0,"13":0,"14":0,"15":0,"16":0,"17":0,"18":0,"19":0,"20":0,"21":0,"22":0,"23":0,"24":0,"25":0},"f":{"0":0,"1":0,"2":0,"3":0,"4":0,"5":0,"6":0,"7":0,"8":0,"9":0,"10":0,"11":0,"12":0,"13":0},"b":{"0":[0],"1":[0,0,0,0],"2":[0],"3":[0,0]}}
,"C:\\ownercommunity\\ownercommuntiy-data-access\\domain\\contexts\\community\\community-permissions.ts": {"path":"C:\\ownercommunity\\ownercommuntiy-data-access\\domain\\contexts\\community\\community-permissions.ts","statementMap":{"0":{"start":{"line":1,"column":0},"end":{"line":1,"column":58}},"1":{"start":{"line":8,"column":76},"end":{"line":8,"column":89}},"2":{"start":{"line":8,"column":55},"end":{"line":8,"column":73}},"3":{"start":{"line":10,"column":47},"end":{"line":10,"column":94}},"4":{"start":{"line":11,"column":45},"end":{"line":11,"column":90}},"5":{"start":{"line":12,"column":39},"end":{"line":12,"column":78}},"6":{"start":{"line":13,"column":35},"end":{"line":13,"column":70}},"7":{"start":{"line":14,"column":42},"end":{"line":14,"column":84}},"8":{"start":{"line":15,"column":43},"end":{"line":15,"column":86}},"9":{"start":{"line":16,"column":45},"end":{"line":16,"column":58}},"10":{"start":{"line":17,"column":34},"end":{"line":17,"column":47}},"11":{"start":{"line":20,"column":4},"end":{"line":36,"column":null}},"12":{"start":{"line":23,"column":6},"end":{"line":23,"column":45}},"13":{"start":{"line":24,"column":6},"end":{"line":24,"column":77}},"14":{"start":{"line":25,"column":6},"end":{"line":25,"column":103}},"15":{"start":{"line":26,"column":18},"end":{"line":26,"column":89}},"16":{"start":{"line":27,"column":6},"end":{"line":27,"column":56}},"17":{"start":{"line":28,"column":6},"end":{"line":28,"column":19}},"18":{"start":{"line":35,"column":6},"end":{"line":35,"column":48}},"19":{"start":{"line":37,"column":4},"end":{"line":37,"column":52}},"20":{"start":{"line":41,"column":4},"end":{"line":43,"column":null}},"21":{"start":{"line":41,"column":47},"end":{"line":41,"column":118}},"22":{"start":{"line":42,"column":6},"end":{"line":42,"column":48}},"23":{"start":{"line":44,"column":4},"end":{"line":44,"column":50}},"24":{"start":{"line":48,"column":4},"end":{"line":50,"column":null}},"25":{"start":{"line":48,"column":49},"end":{"line":48,"column":120}},"26":{"start":{"line":49,"column":6},"end":{"line":49,"column":48}},"27":{"start":{"line":51,"column":4},"end":{"line":51,"column":44}},"28":{"start":{"line":55,"column":4},"end":{"line":57,"column":null}},"29":{"start":{"line":55,"column":49},"end":{"line":55,"column":120}},"30":{"start":{"line":56,"column":6},"end":{"line":56,"column":47}},"31":{"start":{"line":58,"column":4},"end":{"line":58,"column":40}},"32":{"start":{"line":62,"column":4},"end":{"line":64,"column":null}},"33":{"start":{"line":62,"column":49},"end":{"line":62,"column":120}},"34":{"start":{"line":63,"column":6},"end":{"line":63,"column":47}},"35":{"start":{"line":65,"column":4},"end":{"line":65,"column":47}},"36":{"start":{"line":69,"column":4},"end":{"line":71,"column":null}},"37":{"start":{"line":69,"column":49},"end":{"line":69,"column":120}},"38":{"start":{"line":70,"column":6},"end":{"line":70,"column":47}},"39":{"start":{"line":72,"column":4},"end":{"line":72,"column":48}},"40":{"start":{"line":7,"column":0},"end":{"line":7,"column":13}}},"fnMap":{"0":{"name":"(anonymous_0)","decl":{"start":{"line":8,"column":2},"end":{"line":8,"column":14}},"loc":{"start":{"line":8,"column":73},"end":{"line":8,"column":90}}},"1":{"name":"(anonymous_1)","decl":{"start":{"line":10,"column":2},"end":{"line":10,"column":6}},"loc":{"start":{"line":10,"column":34},"end":{"line":10,"column":95}}},"2":{"name":"(anonymous_2)","decl":{"start":{"line":11,"column":2},"end":{"line":11,"column":6}},"loc":{"start":{"line":11,"column":32},"end":{"line":11,"column":91}}},"3":{"name":"(anonymous_3)","decl":{"start":{"line":12,"column":2},"end":{"line":12,"column":6}},"loc":{"start":{"line":12,"column":26},"end":{"line":12,"column":79}}},"4":{"name":"(anonymous_4)","decl":{"start":{"line":13,"column":2},"end":{"line":13,"column":6}},"loc":{"start":{"line":13,"column":22},"end":{"line":13,"column":71}}},"5":{"name":"(anonymous_5)","decl":{"start":{"line":14,"column":2},"end":{"line":14,"column":6}},"loc":{"start":{"line":14,"column":29},"end":{"line":14,"column":85}}},"6":{"name":"(anonymous_6)","decl":{"start":{"line":15,"column":2},"end":{"line":15,"column":6}},"loc":{"start":{"line":15,"column":30},"end":{"line":15,"column":87}}},"7":{"name":"(anonymous_7)","decl":{"start":{"line":16,"column":2},"end":{"line":16,"column":6}},"loc":{"start":{"line":16,"column":31},"end":{"line":16,"column":59}}},"8":{"name":"(anonymous_8)","decl":{"start":{"line":17,"column":2},"end":{"line":17,"column":6}},"loc":{"start":{"line":17,"column":21},"end":{"line":17,"column":48}}},"9":{"name":"(anonymous_9)","decl":{"start":{"line":19,"column":9},"end":{"line":19,"column":40}},"loc":{"start":{"line":19,"column":54},"end":{"line":38,"column":3}}},"10":{"name":"(anonymous_10)","decl":{"start":{"line":20,"column":30},"end":{"line":20,"column":31}},"loc":{"start":{"line":20,"column":46},"end":{"line":29,"column":5}}},"11":{"name":"(anonymous_11)","decl":{"start":{"line":40,"column":9},"end":{"line":40,"column":38}},"loc":{"start":{"line":40,"column":52},"end":{"line":45,"column":3}}},"12":{"name":"(anonymous_12)","decl":{"start":{"line":41,"column":30},"end":{"line":41,"column":31}},"loc":{"start":{"line":41,"column":47},"end":{"line":41,"column":118}}},"13":{"name":"(anonymous_13)","decl":{"start":{"line":47,"column":9},"end":{"line":47,"column":32}},"loc":{"start":{"line":47,"column":46},"end":{"line":52,"column":3}}},"14":{"name":"(anonymous_14)","decl":{"start":{"line":48,"column":32},"end":{"line":48,"column":33}},"loc":{"start":{"line":48,"column":49},"end":{"line":48,"column":120}}},"15":{"name":"(anonymous_15)","decl":{"start":{"line":54,"column":9},"end":{"line":54,"column":28}},"loc":{"start":{"line":54,"column":42},"end":{"line":59,"column":3}}},"16":{"name":"(anonymous_16)","decl":{"start":{"line":55,"column":32},"end":{"line":55,"column":33}},"loc":{"start":{"line":55,"column":49},"end":{"line":55,"column":120}}},"17":{"name":"(anonymous_17)","decl":{"start":{"line":61,"column":9},"end":{"line":61,"column":35}},"loc":{"start":{"line":61,"column":49},"end":{"line":66,"column":3}}},"18":{"name":"(anonymous_18)","decl":{"start":{"line":62,"column":32},"end":{"line":62,"column":33}},"loc":{"start":{"line":62,"column":49},"end":{"line":62,"column":120}}},"19":{"name":"(anonymous_19)","decl":{"start":{"line":68,"column":9},"end":{"line":68,"column":36}},"loc":{"start":{"line":68,"column":50},"end":{"line":73,"column":3}}},"20":{"name":"(anonymous_20)","decl":{"start":{"line":69,"column":32},"end":{"line":69,"column":33}},"loc":{"start":{"line":69,"column":49},"end":{"line":69,"column":120}}}},"branchMap":{"0":{"loc":{"start":{"line":20,"column":4},"end":{"line":36,"column":null}},"type":"if","locations":[{"start":{"line":20,"column":4},"end":{"line":36,"column":null}}]},"1":{"loc":{"start":{"line":26,"column":18},"end":{"line":26,"column":89}},"type":"binary-expr","locations":[{"start":{"line":26,"column":18},"end":{"line":26,"column":58}},{"start":{"line":26,"column":62},"end":{"line":26,"column":89}}]},"2":{"loc":{"start":{"line":41,"column":4},"end":{"line":43,"column":null}},"type":"if","locations":[{"start":{"line":41,"column":4},"end":{"line":43,"column":null}}]},"3":{"loc":{"start":{"line":41,"column":47},"end":{"line":41,"column":118}},"type":"binary-expr","locations":[{"start":{"line":41,"column":47},"end":{"line":41,"column":87}},{"start":{"line":41,"column":91},"end":{"line":41,"column":118}}]},"4":{"loc":{"start":{"line":48,"column":4},"end":{"line":50,"column":null}},"type":"if","locations":[{"start":{"line":48,"column":4},"end":{"line":50,"column":null}}]},"5":{"loc":{"start":{"line":48,"column":49},"end":{"line":48,"column":120}},"type":"binary-expr","locations":[{"start":{"line":48,"column":49},"end":{"line":48,"column":89}},{"start":{"line":48,"column":93},"end":{"line":48,"column":120}}]},"6":{"loc":{"start":{"line":55,"column":4},"end":{"line":57,"column":null}},"type":"if","locations":[{"start":{"line":55,"column":4},"end":{"line":57,"column":null}}]},"7":{"loc":{"start":{"line":55,"column":49},"end":{"line":55,"column":120}},"type":"binary-expr","locations":[{"start":{"line":55,"column":49},"end":{"line":55,"column":89}},{"start":{"line":55,"column":93},"end":{"line":55,"column":120}}]},"8":{"loc":{"start":{"line":62,"column":4},"end":{"line":64,"column":null}},"type":"if","locations":[{"start":{"line":62,"column":4},"end":{"line":64,"column":null}}]},"9":{"loc":{"start":{"line":62,"column":49},"end":{"line":62,"column":120}},"type":"binary-expr","locations":[{"start":{"line":62,"column":49},"end":{"line":62,"column":89}},{"start":{"line":62,"column":93},"end":{"line":62,"column":120}}]},"10":{"loc":{"start":{"line":69,"column":4},"end":{"line":71,"column":null}},"type":"if","locations":[{"start":{"line":69,"column":4},"end":{"line":71,"column":null}}]},"11":{"loc":{"start":{"line":69,"column":49},"end":{"line":69,"column":120}},"type":"binary-expr","locations":[{"start":{"line":69,"column":49},"end":{"line":69,"column":89}},{"start":{"line":69,"column":93},"end":{"line":69,"column":120}}]}},"s":{"0":0,"1":0,"2":0,"3":0,"4":0,"5":0,"6":0,"7":0,"8":0,"9":0,"10":0,"11":0,"12":0,"13":0,"14":0,"15":0,"16":0,"17":0,"18":0,"19":0,"20":0,"21":0,"22":0,"23":0,"24":0,"25":0,"26":0,"27":0,"28":0,"29":0,"30":0,"31":0,"32":0,"33":0,"34":0,"35":0,"36":0,"37":0,"38":0,"39":0,"40":0},"f":{"0":0,"1":0,"2":0,"3":0,"4":0,"5":0,"6":0,"7":0,"8":0,"9":0,"10":0,"11":0,"12":0,"13":0,"14":0,"15":0,"16":0,"17":0,"18":0,"19":0,"20":0},"b":{"0":[0],"1":[0,0],"2":[0],"3":[0,0],"4":[0],"5":[0,0],"6":[0],"7":[0,0],"8":[0],"9":[0,0],"10":[0],"11":[0,0]}}
,"C:\\ownercommunity\\ownercommuntiy-data-access\\domain\\contexts\\community\\community-value-objects.ts": {"path":"C:\\ownercommunity\\ownercommuntiy-data-access\\domain\\contexts\\community\\community-value-objects.ts","statementMap":{"0":{"start":{"line":1,"column":0},"end":{"line":1,"column":null}},"1":{"start":{"line":5,"column":0},"end":{"line":5,"column":13}},"2":{"start":{"line":6,"column":0},"end":{"line":6,"column":13}},"3":{"start":{"line":7,"column":0},"end":{"line":7,"column":13}},"4":{"start":{"line":8,"column":0},"end":{"line":8,"column":13}}},"fnMap":{},"branchMap":{},"s":{"0":0,"1":0,"2":0,"3":0,"4":0},"f":{},"b":{}}
,"C:\\ownercommunity\\ownercommuntiy-data-access\\domain\\contexts\\community\\community.ts": {"path":"C:\\ownercommunity\\ownercommuntiy-data-access\\domain\\contexts\\community\\community.ts","statementMap":{"0":{"start":{"line":1,"column":0},"end":{"line":1,"column":71}},"1":{"start":{"line":2,"column":0},"end":{"line":2,"column":84}},"2":{"start":{"line":3,"column":0},"end":{"line":3,"column":60}},"3":{"start":{"line":7,"column":0},"end":{"line":7,"column":68}},"4":{"start":{"line":31,"column":4},"end":{"line":31,"column":17}},"5":{"start":{"line":30,"column":44},"end":{"line":30,"column":75}},"6":{"start":{"line":29,"column":10},"end":{"line":29,"column":32}},"7":{"start":{"line":32,"column":4},"end":{"line":32,"column":53}},"8":{"start":{"line":35,"column":12},"end":{"line":35,"column":33}},"9":{"start":{"line":36,"column":14},"end":{"line":36,"column":37}},"10":{"start":{"line":37,"column":16},"end":{"line":37,"column":41}},"11":{"start":{"line":38,"column":26},"end":{"line":38,"column":61}},"12":{"start":{"line":39,"column":16},"end":{"line":39,"column":41}},"13":{"start":{"line":40,"column":39},"end":{"line":40,"column":90}},"14":{"start":{"line":41,"column":19},"end":{"line":41,"column":47}},"15":{"start":{"line":42,"column":19},"end":{"line":42,"column":47}},"16":{"start":{"line":43,"column":23},"end":{"line":43,"column":55}},"17":{"start":{"line":47,"column":20},"end":{"line":47,"column":52}},"18":{"start":{"line":48,"column":4},"end":{"line":48,"column":26}},"19":{"start":{"line":49,"column":4},"end":{"line":49,"column":35}},"20":{"start":{"line":50,"column":4},"end":{"line":50,"column":45}},"21":{"start":{"line":51,"column":4},"end":{"line":51,"column":null}},"22":{"start":{"line":52,"column":4},"end":{"line":52,"column":21}},"23":{"start":{"line":56,"column":4},"end":{"line":56,"column":22}},"24":{"start":{"line":57,"column":4},"end":{"line":57,"column":81}},"25":{"start":{"line":61,"column":4},"end":{"line":63,"column":null}},"26":{"start":{"line":63,"column":44},"end":{"line":63,"column":82}},"27":{"start":{"line":63,"column":86},"end":{"line":63,"column":169}},"28":{"start":{"line":64,"column":4},"end":{"line":64,"column":37}},"29":{"start":{"line":67,"column":4},"end":{"line":69,"column":null}},"30":{"start":{"line":69,"column":44},"end":{"line":69,"column":82}},"31":{"start":{"line":69,"column":86},"end":{"line":69,"column":171}},"32":{"start":{"line":70,"column":20},"end":{"line":70,"column":37}},"33":{"start":{"line":71,"column":4},"end":{"line":74,"column":null}},"34":{"start":{"line":72,"column":6},"end":{"line":72,"column":43}},"35":{"start":{"line":73,"column":6},"end":{"line":73,"column":137}},"36":{"start":{"line":77,"column":4},"end":{"line":79,"column":null}},"37":{"start":{"line":79,"column":44},"end":{"line":79,"column":82}},"38":{"start":{"line":79,"column":86},"end":{"line":79,"column":183}},"39":{"start":{"line":80,"column":4},"end":{"line":80,"column":61}},"40":{"start":{"line":83,"column":4},"end":{"line":85,"column":null}},"41":{"start":{"line":85,"column":44},"end":{"line":85,"column":82}},"42":{"start":{"line":85,"column":86},"end":{"line":85,"column":171}},"43":{"start":{"line":86,"column":4},"end":{"line":86,"column":41}},"44":{"start":{"line":89,"column":4},"end":{"line":91,"column":null}},"45":{"start":{"line":91,"column":44},"end":{"line":91,"column":82}},"46":{"start":{"line":91,"column":86},"end":{"line":91,"column":175}},"47":{"start":{"line":92,"column":4},"end":{"line":92,"column":42}},"48":{"start":{"line":27,"column":0},"end":{"line":27,"column":13}}},"fnMap":{"0":{"name":"(anonymous_0)","decl":{"start":{"line":30,"column":2},"end":{"line":30,"column":14}},"loc":{"start":{"line":30,"column":75},"end":{"line":33,"column":3}}},"1":{"name":"(anonymous_1)","decl":{"start":{"line":35,"column":2},"end":{"line":35,"column":6}},"loc":{"start":{"line":35,"column":8},"end":{"line":35,"column":34}}},"2":{"name":"(anonymous_2)","decl":{"start":{"line":36,"column":2},"end":{"line":36,"column":6}},"loc":{"start":{"line":36,"column":10},"end":{"line":36,"column":38}}},"3":{"name":"(anonymous_3)","decl":{"start":{"line":37,"column":2},"end":{"line":37,"column":6}},"loc":{"start":{"line":37,"column":12},"end":{"line":37,"column":42}}},"4":{"name":"(anonymous_4)","decl":{"start":{"line":38,"column":2},"end":{"line":38,"column":6}},"loc":{"start":{"line":38,"column":22},"end":{"line":38,"column":62}}},"5":{"name":"(anonymous_5)","decl":{"start":{"line":39,"column":2},"end":{"line":39,"column":6}},"loc":{"start":{"line":39,"column":12},"end":{"line":39,"column":42}}},"6":{"name":"(anonymous_6)","decl":{"start":{"line":40,"column":2},"end":{"line":40,"column":6}},"loc":{"start":{"line":40,"column":15},"end":{"line":40,"column":91}}},"7":{"name":"(anonymous_7)","decl":{"start":{"line":41,"column":2},"end":{"line":41,"column":6}},"loc":{"start":{"line":41,"column":15},"end":{"line":41,"column":48}}},"8":{"name":"(anonymous_8)","decl":{"start":{"line":42,"column":2},"end":{"line":42,"column":6}},"loc":{"start":{"line":42,"column":15},"end":{"line":42,"column":48}}},"9":{"name":"(anonymous_9)","decl":{"start":{"line":43,"column":2},"end":{"line":43,"column":6}},"loc":{"start":{"line":43,"column":19},"end":{"line":43,"column":56}}},"10":{"name":"(anonymous_10)","decl":{"start":{"line":45,"column":9},"end":{"line":45,"column":15}},"loc":{"start":{"line":46,"column":95},"end":{"line":53,"column":3}}},"11":{"name":"(anonymous_11)","decl":{"start":{"line":55,"column":10},"end":{"line":55,"column":19}},"loc":{"start":{"line":55,"column":19},"end":{"line":58,"column":3}}},"12":{"name":"(anonymous_12)","decl":{"start":{"line":60,"column":9},"end":{"line":60,"column":23}},"loc":{"start":{"line":60,"column":46},"end":{"line":65,"column":3}}},"13":{"name":"(anonymous_13)","decl":{"start":{"line":63,"column":29},"end":{"line":63,"column":40}},"loc":{"start":{"line":63,"column":44},"end":{"line":63,"column":82}}},"14":{"name":"(anonymous_14)","decl":{"start":{"line":66,"column":9},"end":{"line":66,"column":25}},"loc":{"start":{"line":66,"column":52},"end":{"line":75,"column":3}}},"15":{"name":"(anonymous_15)","decl":{"start":{"line":69,"column":29},"end":{"line":69,"column":40}},"loc":{"start":{"line":69,"column":44},"end":{"line":69,"column":82}}},"16":{"name":"(anonymous_16)","decl":{"start":{"line":76,"column":9},"end":{"line":76,"column":35}},"loc":{"start":{"line":76,"column":82},"end":{"line":81,"column":3}}},"17":{"name":"(anonymous_17)","decl":{"start":{"line":79,"column":29},"end":{"line":79,"column":40}},"loc":{"start":{"line":79,"column":44},"end":{"line":79,"column":82}}},"18":{"name":"(anonymous_18)","decl":{"start":{"line":82,"column":9},"end":{"line":82,"column":25}},"loc":{"start":{"line":82,"column":52},"end":{"line":87,"column":3}}},"19":{"name":"(anonymous_19)","decl":{"start":{"line":85,"column":29},"end":{"line":85,"column":40}},"loc":{"start":{"line":85,"column":44},"end":{"line":85,"column":82}}},"20":{"name":"(anonymous_20)","decl":{"start":{"line":88,"column":9},"end":{"line":88,"column":28}},"loc":{"start":{"line":88,"column":58},"end":{"line":93,"column":3}}},"21":{"name":"(anonymous_21)","decl":{"start":{"line":91,"column":29},"end":{"line":91,"column":40}},"loc":{"start":{"line":91,"column":44},"end":{"line":91,"column":82}}}},"branchMap":{"0":{"loc":{"start":{"line":61,"column":4},"end":{"line":63,"column":null}},"type":"if","locations":[{"start":{"line":61,"column":4},"end":{"line":63,"column":null}}]},"1":{"loc":{"start":{"line":62,"column":6},"end":{"line":63,"column":83}},"type":"binary-expr","locations":[{"start":{"line":62,"column":6},"end":{"line":62,"column":17}},{"start":{"line":63,"column":6},"end":{"line":63,"column":83}}]},"2":{"loc":{"start":{"line":67,"column":4},"end":{"line":69,"column":null}},"type":"if","locations":[{"start":{"line":67,"column":4},"end":{"line":69,"column":null}}]},"3":{"loc":{"start":{"line":68,"column":6},"end":{"line":69,"column":83}},"type":"binary-expr","locations":[{"start":{"line":68,"column":6},"end":{"line":68,"column":17}},{"start":{"line":69,"column":6},"end":{"line":69,"column":83}}]},"4":{"loc":{"start":{"line":71,"column":4},"end":{"line":74,"column":null}},"type":"if","locations":[{"start":{"line":71,"column":4},"end":{"line":74,"column":null}}]},"5":{"loc":{"start":{"line":77,"column":4},"end":{"line":79,"column":null}},"type":"if","locations":[{"start":{"line":77,"column":4},"end":{"line":79,"column":null}}]},"6":{"loc":{"start":{"line":78,"column":6},"end":{"line":79,"column":83}},"type":"binary-expr","locations":[{"start":{"line":78,"column":6},"end":{"line":78,"column":17}},{"start":{"line":79,"column":6},"end":{"line":79,"column":83}}]},"7":{"loc":{"start":{"line":83,"column":4},"end":{"line":85,"column":null}},"type":"if","locations":[{"start":{"line":83,"column":4},"end":{"line":85,"column":null}}]},"8":{"loc":{"start":{"line":84,"column":6},"end":{"line":85,"column":83}},"type":"binary-expr","locations":[{"start":{"line":84,"column":6},"end":{"line":84,"column":17}},{"start":{"line":85,"column":6},"end":{"line":85,"column":83}}]},"9":{"loc":{"start":{"line":89,"column":4},"end":{"line":91,"column":null}},"type":"if","locations":[{"start":{"line":89,"column":4},"end":{"line":91,"column":null}}]},"10":{"loc":{"start":{"line":90,"column":6},"end":{"line":91,"column":83}},"type":"binary-expr","locations":[{"start":{"line":90,"column":6},"end":{"line":90,"column":17}},{"start":{"line":91,"column":6},"end":{"line":91,"column":83}}]}},"s":{"0":0,"1":0,"2":0,"3":0,"4":0,"5":0,"6":0,"7":0,"8":0,"9":0,"10":0,"11":0,"12":0,"13":0,"14":0,"15":0,"16":0,"17":0,"18":0,"19":0,"20":0,"21":0,"22":0,"23":0,"24":0,"25":0,"26":0,"27":0,"28":0,"29":0,"30":0,"31":0,"32":0,"33":0,"34":0,"35":0,"36":0,"37":0,"38":0,"39":0,"40":0,"41":0,"42":0,"43":0,"44":0,"45":0,"46":0,"47":0,"48":0},"f":{"0":0,"1":0,"2":0,"3":0,"4":0,"5":0,"6":0,"7":0,"8":0,"9":0,"10":0,"11":0,"12":0,"13":0,"14":0,"15":0,"16":0,"17":0,"18":0,"19":0,"20":0,"21":0},"b":{"0":[0],"1":[0,0],"2":[0],"3":[0,0],"4":[0],"5":[0],"6":[0,0],"7":[0],"8":[0,0],"9":[0],"10":[0,0]}}
,"C:\\ownercommunity\\ownercommuntiy-data-access\\domain\\contexts\\community\\member-value-objects.ts": {"path":"C:\\ownercommunity\\ownercommuntiy-data-access\\domain\\contexts\\community\\member-value-objects.ts","statementMap":{"0":{"start":{"line":1,"column":0},"end":{"line":1,"column":null}},"1":{"start":{"line":5,"column":0},"end":{"line":5,"column":13}}},"fnMap":{},"branchMap":{},"s":{"0":0,"1":0},"f":{},"b":{}}
,"C:\\ownercommunity\\ownercommuntiy-data-access\\domain\\contexts\\community\\member.ts": {"path":"C:\\ownercommunity\\ownercommuntiy-data-access\\domain\\contexts\\community\\member.ts","statementMap":{"0":{"start":{"line":1,"column":0},"end":{"line":1,"column":60}},"1":{"start":{"line":4,"column":0},"end":{"line":4,"column":81}},"2":{"start":{"line":6,"column":0},"end":{"line":6,"column":74}},"3":{"start":{"line":7,"column":0},"end":{"line":7,"column":62}},"4":{"start":{"line":9,"column":0},"end":{"line":9,"column":74}},"5":{"start":{"line":41,"column":4},"end":{"line":41,"column":17}},"6":{"start":{"line":40,"column":44},"end":{"line":40,"column":74}},"7":{"start":{"line":38,"column":10},"end":{"line":38,"column":32}},"8":{"start":{"line":42,"column":4},"end":{"line":42,"column":49}},"9":{"start":{"line":45,"column":12},"end":{"line":45,"column":33}},"10":{"start":{"line":46,"column":20},"end":{"line":46,"column":49}},"11":{"start":{"line":47,"column":45},"end":{"line":47,"column":101}},"12":{"start":{"line":48,"column":43},"end":{"line":48,"column":137}},"13":{"start":{"line":48,"column":91},"end":{"line":48,"column":135}},"14":{"start":{"line":49,"column":36},"end":{"line":49,"column":82}},"15":{"start":{"line":50,"column":18},"end":{"line":50,"column":67}},"16":{"start":{"line":51,"column":19},"end":{"line":51,"column":47}},"17":{"start":{"line":52,"column":19},"end":{"line":52,"column":47}},"18":{"start":{"line":53,"column":23},"end":{"line":53,"column":55}},"19":{"start":{"line":56,"column":17},"end":{"line":56,"column":45}},"20":{"start":{"line":57,"column":4},"end":{"line":57,"column":24}},"21":{"start":{"line":58,"column":4},"end":{"line":58,"column":38}},"22":{"start":{"line":59,"column":4},"end":{"line":59,"column":42}},"23":{"start":{"line":60,"column":4},"end":{"line":60,"column":25}},"24":{"start":{"line":61,"column":4},"end":{"line":61,"column":18}},"25":{"start":{"line":66,"column":4},"end":{"line":68,"column":null}},"26":{"start":{"line":68,"column":46},"end":{"line":68,"column":105}},"27":{"start":{"line":68,"column":110},"end":{"line":68,"column":152}},"28":{"start":{"line":69,"column":4},"end":{"line":69,"column":49}},"29":{"start":{"line":72,"column":4},"end":{"line":72,"column":42}},"30":{"start":{"line":75,"column":4},"end":{"line":77,"column":null}},"31":{"start":{"line":77,"column":46},"end":{"line":77,"column":105}},"32":{"start":{"line":77,"column":110},"end":{"line":77,"column":145}},"33":{"start":{"line":78,"column":4},"end":{"line":78,"column":32}},"34":{"start":{"line":81,"column":4},"end":{"line":83,"column":null}},"35":{"start":{"line":83,"column":46},"end":{"line":83,"column":105}},"36":{"start":{"line":83,"column":110},"end":{"line":83,"column":145}},"37":{"start":{"line":84,"column":4},"end":{"line":84,"column":80}},"38":{"start":{"line":87,"column":4},"end":{"line":89,"column":null}},"39":{"start":{"line":89,"column":46},"end":{"line":89,"column":105}},"40":{"start":{"line":89,"column":110},"end":{"line":89,"column":145}},"41":{"start":{"line":90,"column":6},"end":{"line":90,"column":46}},"42":{"start":{"line":93,"column":4},"end":{"line":95,"column":null}},"43":{"start":{"line":95,"column":46},"end":{"line":95,"column":105}},"44":{"start":{"line":95,"column":110},"end":{"line":95,"column":145}},"45":{"start":{"line":96,"column":4},"end":{"line":96,"column":47}},"46":{"start":{"line":37,"column":0},"end":{"line":37,"column":13}}},"fnMap":{"0":{"name":"(anonymous_7)","decl":{"start":{"line":40,"column":2},"end":{"line":40,"column":14}},"loc":{"start":{"line":40,"column":74},"end":{"line":43,"column":3}}},"1":{"name":"(anonymous_8)","decl":{"start":{"line":45,"column":2},"end":{"line":45,"column":6}},"loc":{"start":{"line":45,"column":8},"end":{"line":45,"column":34}}},"2":{"name":"(anonymous_9)","decl":{"start":{"line":46,"column":2},"end":{"line":46,"column":6}},"loc":{"start":{"line":46,"column":16},"end":{"line":46,"column":50}}},"3":{"name":"(anonymous_10)","decl":{"start":{"line":47,"column":2},"end":{"line":47,"column":6}},"loc":{"start":{"line":47,"column":15},"end":{"line":47,"column":102}}},"4":{"name":"(anonymous_11)","decl":{"start":{"line":48,"column":2},"end":{"line":48,"column":6}},"loc":{"start":{"line":48,"column":14},"end":{"line":48,"column":139}}},"5":{"name":"(anonymous_12)","decl":{"start":{"line":48,"column":80},"end":{"line":48,"column":87}},"loc":{"start":{"line":48,"column":91},"end":{"line":48,"column":135}}},"6":{"name":"(anonymous_13)","decl":{"start":{"line":49,"column":2},"end":{"line":49,"column":6}},"loc":{"start":{"line":49,"column":10},"end":{"line":49,"column":84}}},"7":{"name":"(anonymous_14)","decl":{"start":{"line":50,"column":2},"end":{"line":50,"column":6}},"loc":{"start":{"line":50,"column":13},"end":{"line":50,"column":69}}},"8":{"name":"(anonymous_15)","decl":{"start":{"line":51,"column":2},"end":{"line":51,"column":6}},"loc":{"start":{"line":51,"column":15},"end":{"line":51,"column":48}}},"9":{"name":"(anonymous_16)","decl":{"start":{"line":52,"column":2},"end":{"line":52,"column":6}},"loc":{"start":{"line":52,"column":15},"end":{"line":52,"column":48}}},"10":{"name":"(anonymous_17)","decl":{"start":{"line":53,"column":2},"end":{"line":53,"column":6}},"loc":{"start":{"line":53,"column":19},"end":{"line":53,"column":56}}},"11":{"name":"(anonymous_18)","decl":{"start":{"line":55,"column":9},"end":{"line":55,"column":15}},"loc":{"start":{"line":55,"column":158},"end":{"line":62,"column":null}}},"12":{"name":"(anonymous_20)","decl":{"start":{"line":65,"column":9},"end":{"line":65,"column":29}},"loc":{"start":{"line":65,"column":64},"end":{"line":70,"column":3}}},"13":{"name":"(anonymous_21)","decl":{"start":{"line":68,"column":29},"end":{"line":68,"column":30}},"loc":{"start":{"line":68,"column":46},"end":{"line":68,"column":105}}},"14":{"name":"(anonymous_22)","decl":{"start":{"line":71,"column":10},"end":{"line":71,"column":29}},"loc":{"start":{"line":71,"column":64},"end":{"line":73,"column":3}}},"15":{"name":"(anonymous_23)","decl":{"start":{"line":74,"column":9},"end":{"line":74,"column":23}},"loc":{"start":{"line":74,"column":48},"end":{"line":79,"column":3}}},"16":{"name":"(anonymous_24)","decl":{"start":{"line":77,"column":29},"end":{"line":77,"column":30}},"loc":{"start":{"line":77,"column":46},"end":{"line":77,"column":105}}},"17":{"name":"(anonymous_25)","decl":{"start":{"line":80,"column":9},"end":{"line":80,"column":26}},"loc":{"start":{"line":80,"column":26},"end":{"line":85,"column":3}}},"18":{"name":"(anonymous_26)","decl":{"start":{"line":83,"column":29},"end":{"line":83,"column":30}},"loc":{"start":{"line":83,"column":46},"end":{"line":83,"column":105}}},"19":{"name":"(anonymous_27)","decl":{"start":{"line":86,"column":9},"end":{"line":86,"column":26}},"loc":{"start":{"line":86,"column":51},"end":{"line":91,"column":3}}},"20":{"name":"(anonymous_28)","decl":{"start":{"line":89,"column":29},"end":{"line":89,"column":30}},"loc":{"start":{"line":89,"column":46},"end":{"line":89,"column":105}}},"21":{"name":"(anonymous_29)","decl":{"start":{"line":92,"column":9},"end":{"line":92,"column":29}},"loc":{"start":{"line":92,"column":54},"end":{"line":97,"column":3}}},"22":{"name":"(anonymous_30)","decl":{"start":{"line":95,"column":29},"end":{"line":95,"column":30}},"loc":{"start":{"line":95,"column":46},"end":{"line":95,"column":105}}}},"branchMap":{"0":{"loc":{"start":{"line":66,"column":4},"end":{"line":68,"column":null}},"type":"if","locations":[{"start":{"line":66,"column":4},"end":{"line":68,"column":null}}]},"1":{"loc":{"start":{"line":67,"column":6},"end":{"line":68,"column":106}},"type":"binary-expr","locations":[{"start":{"line":67,"column":6},"end":{"line":67,"column":17}},{"start":{"line":68,"column":6},"end":{"line":68,"column":106}}]},"2":{"loc":{"start":{"line":68,"column":46},"end":{"line":68,"column":105}},"type":"binary-expr","locations":[{"start":{"line":68,"column":46},"end":{"line":68,"column":74}},{"start":{"line":68,"column":78},"end":{"line":68,"column":105}}]},"3":{"loc":{"start":{"line":75,"column":4},"end":{"line":77,"column":null}},"type":"if","locations":[{"start":{"line":75,"column":4},"end":{"line":77,"column":null}}]},"4":{"loc":{"start":{"line":76,"column":6},"end":{"line":77,"column":106}},"type":"binary-expr","locations":[{"start":{"line":76,"column":6},"end":{"line":76,"column":17}},{"start":{"line":77,"column":6},"end":{"line":77,"column":106}}]},"5":{"loc":{"start":{"line":77,"column":46},"end":{"line":77,"column":105}},"type":"binary-expr","locations":[{"start":{"line":77,"column":46},"end":{"line":77,"column":74}},{"start":{"line":77,"column":78},"end":{"line":77,"column":105}}]},"6":{"loc":{"start":{"line":81,"column":4},"end":{"line":83,"column":null}},"type":"if","locations":[{"start":{"line":81,"column":4},"end":{"line":83,"column":null}}]},"7":{"loc":{"start":{"line":82,"column":6},"end":{"line":83,"column":106}},"type":"binary-expr","locations":[{"start":{"line":82,"column":6},"end":{"line":82,"column":17}},{"start":{"line":83,"column":6},"end":{"line":83,"column":106}}]},"8":{"loc":{"start":{"line":83,"column":46},"end":{"line":83,"column":105}},"type":"binary-expr","locations":[{"start":{"line":83,"column":46},"end":{"line":83,"column":74}},{"start":{"line":83,"column":78},"end":{"line":83,"column":105}}]},"9":{"loc":{"start":{"line":87,"column":4},"end":{"line":89,"column":null}},"type":"if","locations":[{"start":{"line":87,"column":4},"end":{"line":89,"column":null}}]},"10":{"loc":{"start":{"line":88,"column":6},"end":{"line":89,"column":106}},"type":"binary-expr","locations":[{"start":{"line":88,"column":6},"end":{"line":88,"column":17}},{"start":{"line":89,"column":6},"end":{"line":89,"column":106}}]},"11":{"loc":{"start":{"line":89,"column":46},"end":{"line":89,"column":105}},"type":"binary-expr","locations":[{"start":{"line":89,"column":46},"end":{"line":89,"column":74}},{"start":{"line":89,"column":78},"end":{"line":89,"column":105}}]},"12":{"loc":{"start":{"line":93,"column":4},"end":{"line":95,"column":null}},"type":"if","locations":[{"start":{"line":93,"column":4},"end":{"line":95,"column":null}}]},"13":{"loc":{"start":{"line":94,"column":6},"end":{"line":95,"column":106}},"type":"binary-expr","locations":[{"start":{"line":94,"column":6},"end":{"line":94,"column":17}},{"start":{"line":95,"column":6},"end":{"line":95,"column":106}}]},"14":{"loc":{"start":{"line":95,"column":46},"end":{"line":95,"column":105}},"type":"binary-expr","locations":[{"start":{"line":95,"column":46},"end":{"line":95,"column":74}},{"start":{"line":95,"column":78},"end":{"line":95,"column":105}}]}},"s":{"0":0,"1":0,"2":0,"3":0,"4":0,"5":0,"6":0,"7":0,"8":0,"9":0,"10":0,"11":0,"12":0,"13":0,"14":0,"15":0,"16":0,"17":0,"18":0,"19":0,"20":0,"21":0,"22":0,"23":0,"24":0,"25":0,"26":0,"27":0,"28":0,"29":0,"30":0,"31":0,"32":0,"33":0,"34":0,"35":0,"36":0,"37":0,"38":0,"39":0,"40":0,"41":0,"42":0,"43":0,"44":0,"45":0,"46":0},"f":{"0":0,"1":0,"2":0,"3":0,"4":0,"5":0,"6":0,"7":0,"8":0,"9":0,"10":0,"11":0,"12":0,"13":0,"14":0,"15":0,"16":0,"17":0,"18":0,"19":0,"20":0,"21":0,"22":0},"b":{"0":[0],"1":[0,0],"2":[0,0],"3":[0],"4":[0,0],"5":[0,0],"6":[0],"7":[0,0],"8":[0,0],"9":[0],"10":[0,0],"11":[0,0],"12":[0],"13":[0,0],"14":[0,0]}}
,"C:\\ownercommunity\\ownercommuntiy-data-access\\domain\\contexts\\community\\permissions.ts": {"path":"C:\\ownercommunity\\ownercommuntiy-data-access\\domain\\contexts\\community\\permissions.ts","statementMap":{"0":{"start":{"line":1,"column":0},"end":{"line":1,"column":58}},"1":{"start":{"line":2,"column":0},"end":{"line":2,"column":127}},"2":{"start":{"line":4,"column":0},"end":{"line":4,"column":87}},"3":{"start":{"line":5,"column":0},"end":{"line":5,"column":103}},"4":{"start":{"line":19,"column":4},"end":{"line":19,"column":17}},"5":{"start":{"line":18,"column":46},"end":{"line":18,"column":64}},"6":{"start":{"line":23,"column":4},"end":{"line":23,"column":79}},"7":{"start":{"line":26,"column":4},"end":{"line":26,"column":77}},"8":{"start":{"line":29,"column":4},"end":{"line":29,"column":87}},"9":{"start":{"line":17,"column":0},"end":{"line":17,"column":13}}},"fnMap":{"0":{"name":"(anonymous_0)","decl":{"start":{"line":18,"column":2},"end":{"line":18,"column":14}},"loc":{"start":{"line":18,"column":64},"end":{"line":20,"column":3}}},"1":{"name":"(anonymous_1)","decl":{"start":{"line":22,"column":2},"end":{"line":22,"column":6}},"loc":{"start":{"line":22,"column":26},"end":{"line":24,"column":3}}},"2":{"name":"(anonymous_2)","decl":{"start":{"line":25,"column":2},"end":{"line":25,"column":6}},"loc":{"start":{"line":25,"column":25},"end":{"line":27,"column":3}}},"3":{"name":"(anonymous_3)","decl":{"start":{"line":28,"column":2},"end":{"line":28,"column":6}},"loc":{"start":{"line":28,"column":30},"end":{"line":30,"column":3}}}},"branchMap":{},"s":{"0":0,"1":0,"2":0,"3":0,"4":0,"5":0,"6":0,"7":0,"8":0,"9":0},"f":{"0":0,"1":0,"2":0,"3":0},"b":{}}
,"C:\\ownercommunity\\ownercommuntiy-data-access\\domain\\contexts\\community\\profile-value-objects.ts": {"path":"C:\\ownercommunity\\ownercommuntiy-data-access\\domain\\contexts\\community\\profile-value-objects.ts","statementMap":{"0":{"start":{"line":1,"column":0},"end":{"line":1,"column":null}},"1":{"start":{"line":6,"column":0},"end":{"line":6,"column":9}},"2":{"start":{"line":6,"column":9},"end":{"line":6,"column":40}},"3":{"start":{"line":8,"column":0},"end":{"line":8,"column":13}},"4":{"start":{"line":9,"column":0},"end":{"line":9,"column":13}},"5":{"start":{"line":12,"column":0},"end":{"line":12,"column":13}}},"fnMap":{"0":{"name":"(anonymous_0)","decl":{"start":{"line":6,"column":9},"end":{"line":6,"column":14}},"loc":{"start":{"line":6,"column":9},"end":{"line":6,"column":40}}}},"branchMap":{},"s":{"0":0,"1":0,"2":0,"3":0,"4":0,"5":0},"f":{"0":0},"b":{}}
,"C:\\ownercommunity\\ownercommuntiy-data-access\\domain\\contexts\\community\\profile.ts": {"path":"C:\\ownercommunity\\ownercommuntiy-data-access\\domain\\contexts\\community\\profile.ts","statementMap":{"0":{"start":{"line":1,"column":0},"end":{"line":1,"column":58}},"1":{"start":{"line":22,"column":75},"end":{"line":22,"column":88}},"2":{"start":{"line":22,"column":52},"end":{"line":22,"column":71}},"3":{"start":{"line":24,"column":14},"end":{"line":24,"column":37}},"4":{"start":{"line":25,"column":15},"end":{"line":25,"column":39}},"5":{"start":{"line":26,"column":13},"end":{"line":26,"column":35}},"6":{"start":{"line":27,"column":26},"end":{"line":27,"column":61}},"7":{"start":{"line":28,"column":19},"end":{"line":28,"column":47}},"8":{"start":{"line":29,"column":23},"end":{"line":29,"column":55}},"9":{"start":{"line":30,"column":19},"end":{"line":30,"column":47}},"10":{"start":{"line":31,"column":21},"end":{"line":31,"column":51}},"11":{"start":{"line":32,"column":22},"end":{"line":32,"column":53}},"12":{"start":{"line":33,"column":24},"end":{"line":33,"column":57}},"13":{"start":{"line":36,"column":4},"end":{"line":40,"column":null}},"14":{"start":{"line":37,"column":6},"end":{"line":38,"column":84}},"15":{"start":{"line":39,"column":6},"end":{"line":39,"column":75}},"16":{"start":{"line":44,"column":4},"end":{"line":44,"column":24}},"17":{"start":{"line":45,"column":4},"end":{"line":45,"column":37}},"18":{"start":{"line":48,"column":4},"end":{"line":48,"column":24}},"19":{"start":{"line":49,"column":4},"end":{"line":49,"column":39}},"20":{"start":{"line":52,"column":4},"end":{"line":52,"column":24}},"21":{"start":{"line":53,"column":4},"end":{"line":53,"column":35}},"22":{"start":{"line":56,"column":4},"end":{"line":56,"column":24}},"23":{"start":{"line":57,"column":4},"end":{"line":57,"column":51}},"24":{"start":{"line":60,"column":4},"end":{"line":60,"column":24}},"25":{"start":{"line":61,"column":4},"end":{"line":61,"column":47}},"26":{"start":{"line":64,"column":4},"end":{"line":64,"column":24}},"27":{"start":{"line":65,"column":4},"end":{"line":65,"column":45}},"28":{"start":{"line":68,"column":4},"end":{"line":68,"column":24}},"29":{"start":{"line":69,"column":4},"end":{"line":69,"column":37}},"30":{"start":{"line":72,"column":4},"end":{"line":72,"column":24}},"31":{"start":{"line":73,"column":4},"end":{"line":73,"column":41}},"32":{"start":{"line":76,"column":4},"end":{"line":76,"column":24}},"33":{"start":{"line":77,"column":4},"end":{"line":77,"column":43}},"34":{"start":{"line":80,"column":4},"end":{"line":80,"column":24}},"35":{"start":{"line":81,"column":4},"end":{"line":81,"column":47}},"36":{"start":{"line":21,"column":0},"end":{"line":21,"column":13}}},"fnMap":{"0":{"name":"(anonymous_0)","decl":{"start":{"line":22,"column":2},"end":{"line":22,"column":14}},"loc":{"start":{"line":22,"column":71},"end":{"line":22,"column":90}}},"1":{"name":"(anonymous_1)","decl":{"start":{"line":24,"column":2},"end":{"line":24,"column":6}},"loc":{"start":{"line":24,"column":10},"end":{"line":24,"column":38}}},"2":{"name":"(anonymous_2)","decl":{"start":{"line":25,"column":2},"end":{"line":25,"column":6}},"loc":{"start":{"line":25,"column":11},"end":{"line":25,"column":40}}},"3":{"name":"(anonymous_3)","decl":{"start":{"line":26,"column":2},"end":{"line":26,"column":6}},"loc":{"start":{"line":26,"column":9},"end":{"line":26,"column":36}}},"4":{"name":"(anonymous_4)","decl":{"start":{"line":27,"column":2},"end":{"line":27,"column":6}},"loc":{"start":{"line":27,"column":22},"end":{"line":27,"column":62}}},"5":{"name":"(anonymous_5)","decl":{"start":{"line":28,"column":2},"end":{"line":28,"column":6}},"loc":{"start":{"line":28,"column":15},"end":{"line":28,"column":48}}},"6":{"name":"(anonymous_6)","decl":{"start":{"line":29,"column":2},"end":{"line":29,"column":6}},"loc":{"start":{"line":29,"column":19},"end":{"line":29,"column":56}}},"7":{"name":"(anonymous_7)","decl":{"start":{"line":30,"column":2},"end":{"line":30,"column":6}},"loc":{"start":{"line":30,"column":15},"end":{"line":30,"column":48}}},"8":{"name":"(anonymous_8)","decl":{"start":{"line":31,"column":2},"end":{"line":31,"column":6}},"loc":{"start":{"line":31,"column":17},"end":{"line":31,"column":52}}},"9":{"name":"(anonymous_9)","decl":{"start":{"line":32,"column":2},"end":{"line":32,"column":6}},"loc":{"start":{"line":32,"column":18},"end":{"line":32,"column":54}}},"10":{"name":"(anonymous_10)","decl":{"start":{"line":33,"column":2},"end":{"line":33,"column":6}},"loc":{"start":{"line":33,"column":20},"end":{"line":33,"column":58}}},"11":{"name":"(anonymous_11)","decl":{"start":{"line":35,"column":10},"end":{"line":35,"column":22}},"loc":{"start":{"line":35,"column":22},"end":{"line":41,"column":3}}},"12":{"name":"(anonymous_12)","decl":{"start":{"line":36,"column":30},"end":{"line":36,"column":31}},"loc":{"start":{"line":37,"column":6},"end":{"line":38,"column":84}}},"13":{"name":"(anonymous_13)","decl":{"start":{"line":43,"column":2},"end":{"line":43,"column":16}},"loc":{"start":{"line":43,"column":40},"end":{"line":46,"column":3}}},"14":{"name":"(anonymous_14)","decl":{"start":{"line":47,"column":2},"end":{"line":47,"column":17}},"loc":{"start":{"line":47,"column":43},"end":{"line":50,"column":3}}},"15":{"name":"(anonymous_15)","decl":{"start":{"line":51,"column":2},"end":{"line":51,"column":15}},"loc":{"start":{"line":51,"column":37},"end":{"line":54,"column":3}}},"16":{"name":"(anonymous_16)","decl":{"start":{"line":55,"column":2},"end":{"line":55,"column":28}},"loc":{"start":{"line":55,"column":53},"end":{"line":58,"column":3}}},"17":{"name":"(anonymous_17)","decl":{"start":{"line":59,"column":2},"end":{"line":59,"column":21}},"loc":{"start":{"line":59,"column":55},"end":{"line":62,"column":3}}},"18":{"name":"(anonymous_18)","decl":{"start":{"line":63,"column":2},"end":{"line":63,"column":25}},"loc":{"start":{"line":63,"column":48},"end":{"line":66,"column":3}}},"19":{"name":"(anonymous_19)","decl":{"start":{"line":67,"column":2},"end":{"line":67,"column":21}},"loc":{"start":{"line":67,"column":40},"end":{"line":70,"column":3}}},"20":{"name":"(anonymous_20)","decl":{"start":{"line":71,"column":2},"end":{"line":71,"column":23}},"loc":{"start":{"line":71,"column":44},"end":{"line":74,"column":3}}},"21":{"name":"(anonymous_21)","decl":{"start":{"line":75,"column":2},"end":{"line":75,"column":24}},"loc":{"start":{"line":75,"column":46},"end":{"line":78,"column":3}}},"22":{"name":"(anonymous_22)","decl":{"start":{"line":79,"column":2},"end":{"line":79,"column":26}},"loc":{"start":{"line":79,"column":50},"end":{"line":82,"column":3}}}},"branchMap":{"0":{"loc":{"start":{"line":36,"column":4},"end":{"line":40,"column":null}},"type":"if","locations":[{"start":{"line":36,"column":4},"end":{"line":40,"column":null}}]},"1":{"loc":{"start":{"line":37,"column":6},"end":{"line":38,"column":84}},"type":"binary-expr","locations":[{"start":{"line":37,"column":6},"end":{"line":37,"column":34}},{"start":{"line":38,"column":7},"end":{"line":38,"column":42}},{"start":{"line":38,"column":46},"end":{"line":38,"column":83}}]}},"s":{"0":0,"1":0,"2":0,"3":0,"4":0,"5":0,"6":0,"7":0,"8":0,"9":0,"10":0,"11":0,"12":0,"13":0,"14":0,"15":0,"16":0,"17":0,"18":0,"19":0,"20":0,"21":0,"22":0,"23":0,"24":0,"25":0,"26":0,"27":0,"28":0,"29":0,"30":0,"31":0,"32":0,"33":0,"34":0,"35":0,"36":0},"f":{"0":0,"1":0,"2":0,"3":0,"4":0,"5":0,"6":0,"7":0,"8":0,"9":0,"10":0,"11":0,"12":0,"13":0,"14":0,"15":0,"16":0,"17":0,"18":0,"19":0,"20":0,"21":0,"22":0},"b":{"0":[0],"1":[0,0,0]}}
,"C:\\ownercommunity\\ownercommuntiy-data-access\\domain\\contexts\\community\\property-permissions.ts": {"path":"C:\\ownercommunity\\ownercommuntiy-data-access\\domain\\contexts\\community\\property-permissions.ts","statementMap":{"0":{"start":{"line":1,"column":0},"end":{"line":1,"column":58}},"1":{"start":{"line":8,"column":75},"end":{"line":8,"column":88}},"2":{"start":{"line":8,"column":54},"end":{"line":8,"column":72}},"3":{"start":{"line":10,"column":38},"end":{"line":10,"column":76}},"4":{"start":{"line":11,"column":37},"end":{"line":11,"column":74}},"5":{"start":{"line":12,"column":40},"end":{"line":12,"column":53}},"6":{"start":{"line":13,"column":34},"end":{"line":13,"column":47}},"7":{"start":{"line":16,"column":4},"end":{"line":18,"column":null}},"8":{"start":{"line":16,"column":49},"end":{"line":16,"column":120}},"9":{"start":{"line":17,"column":6},"end":{"line":17,"column":47}},"10":{"start":{"line":19,"column":4},"end":{"line":19,"column":43}},"11":{"start":{"line":23,"column":4},"end":{"line":25,"column":null}},"12":{"start":{"line":23,"column":49},"end":{"line":23,"column":120}},"13":{"start":{"line":24,"column":6},"end":{"line":24,"column":47}},"14":{"start":{"line":26,"column":4},"end":{"line":26,"column":42}},"15":{"start":{"line":7,"column":0},"end":{"line":7,"column":13}}},"fnMap":{"0":{"name":"(anonymous_0)","decl":{"start":{"line":8,"column":2},"end":{"line":8,"column":14}},"loc":{"start":{"line":8,"column":72},"end":{"line":8,"column":89}}},"1":{"name":"(anonymous_1)","decl":{"start":{"line":10,"column":2},"end":{"line":10,"column":6}},"loc":{"start":{"line":10,"column":25},"end":{"line":10,"column":77}}},"2":{"name":"(anonymous_2)","decl":{"start":{"line":11,"column":2},"end":{"line":11,"column":6}},"loc":{"start":{"line":11,"column":24},"end":{"line":11,"column":75}}},"3":{"name":"(anonymous_3)","decl":{"start":{"line":12,"column":2},"end":{"line":12,"column":6}},"loc":{"start":{"line":12,"column":26},"end":{"line":12,"column":54}}},"4":{"name":"(anonymous_4)","decl":{"start":{"line":13,"column":2},"end":{"line":13,"column":6}},"loc":{"start":{"line":13,"column":21},"end":{"line":13,"column":48}}},"5":{"name":"(anonymous_5)","decl":{"start":{"line":15,"column":9},"end":{"line":15,"column":31}},"loc":{"start":{"line":15,"column":45},"end":{"line":20,"column":3}}},"6":{"name":"(anonymous_6)","decl":{"start":{"line":16,"column":32},"end":{"line":16,"column":33}},"loc":{"start":{"line":16,"column":49},"end":{"line":16,"column":120}}},"7":{"name":"(anonymous_7)","decl":{"start":{"line":22,"column":9},"end":{"line":22,"column":30}},"loc":{"start":{"line":22,"column":44},"end":{"line":27,"column":3}}},"8":{"name":"(anonymous_8)","decl":{"start":{"line":23,"column":32},"end":{"line":23,"column":33}},"loc":{"start":{"line":23,"column":49},"end":{"line":23,"column":120}}}},"branchMap":{"0":{"loc":{"start":{"line":16,"column":4},"end":{"line":18,"column":null}},"type":"if","locations":[{"start":{"line":16,"column":4},"end":{"line":18,"column":null}}]},"1":{"loc":{"start":{"line":16,"column":49},"end":{"line":16,"column":120}},"type":"binary-expr","locations":[{"start":{"line":16,"column":49},"end":{"line":16,"column":89}},{"start":{"line":16,"column":93},"end":{"line":16,"column":120}}]},"2":{"loc":{"start":{"line":23,"column":4},"end":{"line":25,"column":null}},"type":"if","locations":[{"start":{"line":23,"column":4},"end":{"line":25,"column":null}}]},"3":{"loc":{"start":{"line":23,"column":49},"end":{"line":23,"column":120}},"type":"binary-expr","locations":[{"start":{"line":23,"column":49},"end":{"line":23,"column":89}},{"start":{"line":23,"column":93},"end":{"line":23,"column":120}}]}},"s":{"0":0,"1":0,"2":0,"3":0,"4":0,"5":0,"6":0,"7":0,"8":0,"9":0,"10":0,"11":0,"12":0,"13":0,"14":0,"15":0},"f":{"0":0,"1":0,"2":0,"3":0,"4":0,"5":0,"6":0,"7":0,"8":0},"b":{"0":[0],"1":[0,0],"2":[0],"3":[0,0]}}
,"C:\\ownercommunity\\ownercommuntiy-data-access\\domain\\contexts\\community\\role.ts": {"path":"C:\\ownercommunity\\ownercommuntiy-data-access\\domain\\contexts\\community\\role.ts","statementMap":{"0":{"start":{"line":2,"column":0},"end":{"line":2,"column":90}},"1":{"start":{"line":3,"column":0},"end":{"line":3,"column":82}},"2":{"start":{"line":5,"column":0},"end":{"line":5,"column":60}},"3":{"start":{"line":7,"column":0},"end":{"line":7,"column":78}},"4":{"start":{"line":31,"column":4},"end":{"line":31,"column":17}},"5":{"start":{"line":30,"column":36},"end":{"line":30,"column":66}},"6":{"start":{"line":28,"column":10},"end":{"line":28,"column":33}},"7":{"start":{"line":32,"column":4},"end":{"line":32,"column":47}},"8":{"start":{"line":35,"column":19},"end":{"line":35,"column":46}},"9":{"start":{"line":36,"column":46},"end":{"line":36,"column":103}},"10":{"start":{"line":37,"column":20},"end":{"line":37,"column":48}},"11":{"start":{"line":38,"column":22},"end":{"line":38,"column":79}},"12":{"start":{"line":39,"column":20},"end":{"line":39,"column":48}},"13":{"start":{"line":40,"column":20},"end":{"line":40,"column":48}},"14":{"start":{"line":41,"column":23},"end":{"line":41,"column":55}},"15":{"start":{"line":44,"column":15},"end":{"line":44,"column":41}},"16":{"start":{"line":45,"column":4},"end":{"line":45,"column":22}},"17":{"start":{"line":46,"column":4},"end":{"line":46,"column":38}},"18":{"start":{"line":47,"column":4},"end":{"line":47,"column":40}},"19":{"start":{"line":48,"column":4},"end":{"line":48,"column":40}},"20":{"start":{"line":49,"column":4},"end":{"line":49,"column":23}},"21":{"start":{"line":50,"column":4},"end":{"line":50,"column":null}},"22":{"start":{"line":54,"column":4},"end":{"line":56,"column":null}},"23":{"start":{"line":56,"column":46},"end":{"line":56,"column":86}},"24":{"start":{"line":56,"column":91},"end":{"line":56,"column":157}},"25":{"start":{"line":57,"column":4},"end":{"line":57,"column":42}},"26":{"start":{"line":62,"column":4},"end":{"line":65,"column":null}},"27":{"start":{"line":65,"column":46},"end":{"line":65,"column":86}},"28":{"start":{"line":65,"column":91},"end":{"line":65,"column":157}},"29":{"start":{"line":66,"column":4},"end":{"line":66,"column":27}},"30":{"start":{"line":67,"column":4},"end":{"line":67,"column":109}},"31":{"start":{"line":71,"column":4},"end":{"line":73,"column":null}},"32":{"start":{"line":73,"column":46},"end":{"line":73,"column":73}},"33":{"start":{"line":73,"column":78},"end":{"line":73,"column":144}},"34":{"start":{"line":74,"column":4},"end":{"line":74,"column":37}},"35":{"start":{"line":78,"column":4},"end":{"line":80,"column":null}},"36":{"start":{"line":80,"column":46},"end":{"line":80,"column":86}},"37":{"start":{"line":80,"column":90},"end":{"line":80,"column":130}},"38":{"start":{"line":81,"column":4},"end":{"line":81,"column":35}},"39":{"start":{"line":27,"column":0},"end":{"line":27,"column":13}}},"fnMap":{"0":{"name":"(anonymous_0)","decl":{"start":{"line":30,"column":2},"end":{"line":30,"column":14}},"loc":{"start":{"line":30,"column":66},"end":{"line":33,"column":3}}},"1":{"name":"(anonymous_1)","decl":{"start":{"line":35,"column":2},"end":{"line":35,"column":6}},"loc":{"start":{"line":35,"column":14},"end":{"line":35,"column":48}}},"2":{"name":"(anonymous_2)","decl":{"start":{"line":36,"column":2},"end":{"line":36,"column":6}},"loc":{"start":{"line":36,"column":15},"end":{"line":36,"column":105}}},"3":{"name":"(anonymous_3)","decl":{"start":{"line":37,"column":2},"end":{"line":37,"column":6}},"loc":{"start":{"line":37,"column":15},"end":{"line":37,"column":50}}},"4":{"name":"(anonymous_4)","decl":{"start":{"line":38,"column":2},"end":{"line":38,"column":6}},"loc":{"start":{"line":38,"column":17},"end":{"line":38,"column":81}}},"5":{"name":"(anonymous_5)","decl":{"start":{"line":39,"column":2},"end":{"line":39,"column":6}},"loc":{"start":{"line":39,"column":15},"end":{"line":39,"column":50}}},"6":{"name":"(anonymous_6)","decl":{"start":{"line":40,"column":2},"end":{"line":40,"column":6}},"loc":{"start":{"line":40,"column":15},"end":{"line":40,"column":50}}},"7":{"name":"(anonymous_7)","decl":{"start":{"line":41,"column":2},"end":{"line":41,"column":6}},"loc":{"start":{"line":41,"column":19},"end":{"line":41,"column":56}}},"8":{"name":"(anonymous_8)","decl":{"start":{"line":43,"column":9},"end":{"line":43,"column":15}},"loc":{"start":{"line":43,"column":173},"end":{"line":51,"column":3}}},"9":{"name":"(anonymous_9)","decl":{"start":{"line":53,"column":10},"end":{"line":53,"column":29}},"loc":{"start":{"line":53,"column":64},"end":{"line":58,"column":3}}},"10":{"name":"(anonymous_10)","decl":{"start":{"line":56,"column":29},"end":{"line":56,"column":30}},"loc":{"start":{"line":56,"column":46},"end":{"line":56,"column":86}}},"11":{"name":"(anonymous_11)","decl":{"start":{"line":60,"column":9},"end":{"line":60,"column":35}},"loc":{"start":{"line":60,"column":63},"end":{"line":68,"column":3}}},"12":{"name":"(anonymous_12)","decl":{"start":{"line":65,"column":29},"end":{"line":65,"column":30}},"loc":{"start":{"line":65,"column":46},"end":{"line":65,"column":86}}},"13":{"name":"(anonymous_13)","decl":{"start":{"line":70,"column":9},"end":{"line":70,"column":28}},"loc":{"start":{"line":70,"column":46},"end":{"line":75,"column":3}}},"14":{"name":"(anonymous_14)","decl":{"start":{"line":73,"column":29},"end":{"line":73,"column":30}},"loc":{"start":{"line":73,"column":46},"end":{"line":73,"column":73}}},"15":{"name":"(anonymous_15)","decl":{"start":{"line":77,"column":9},"end":{"line":77,"column":27}},"loc":{"start":{"line":77,"column":43},"end":{"line":82,"column":3}}},"16":{"name":"(anonymous_16)","decl":{"start":{"line":80,"column":29},"end":{"line":80,"column":30}},"loc":{"start":{"line":80,"column":46},"end":{"line":80,"column":86}}}},"branchMap":{"0":{"loc":{"start":{"line":54,"column":4},"end":{"line":56,"column":null}},"type":"if","locations":[{"start":{"line":54,"column":4},"end":{"line":56,"column":null}}]},"1":{"loc":{"start":{"line":55,"column":6},"end":{"line":56,"column":87}},"type":"binary-expr","locations":[{"start":{"line":55,"column":6},"end":{"line":55,"column":17}},{"start":{"line":56,"column":6},"end":{"line":56,"column":87}}]},"2":{"loc":{"start":{"line":62,"column":4},"end":{"line":65,"column":null}},"type":"if","locations":[{"start":{"line":62,"column":4},"end":{"line":65,"column":null}}]},"3":{"loc":{"start":{"line":63,"column":6},"end":{"line":65,"column":87}},"type":"binary-expr","locations":[{"start":{"line":63,"column":6},"end":{"line":63,"column":21}},{"start":{"line":64,"column":6},"end":{"line":64,"column":21}},{"start":{"line":65,"column":6},"end":{"line":65,"column":87}}]},"4":{"loc":{"start":{"line":71,"column":4},"end":{"line":73,"column":null}},"type":"if","locations":[{"start":{"line":71,"column":4},"end":{"line":73,"column":null}}]},"5":{"loc":{"start":{"line":72,"column":6},"end":{"line":73,"column":74}},"type":"binary-expr","locations":[{"start":{"line":72,"column":6},"end":{"line":72,"column":17}},{"start":{"line":73,"column":6},"end":{"line":73,"column":74}}]},"6":{"loc":{"start":{"line":78,"column":4},"end":{"line":80,"column":null}},"type":"if","locations":[{"start":{"line":78,"column":4},"end":{"line":80,"column":null}}]},"7":{"loc":{"start":{"line":79,"column":6},"end":{"line":80,"column":87}},"type":"binary-expr","locations":[{"start":{"line":79,"column":6},"end":{"line":79,"column":17}},{"start":{"line":80,"column":6},"end":{"line":80,"column":87}}]}},"s":{"0":0,"1":0,"2":0,"3":0,"4":0,"5":0,"6":0,"7":0,"8":0,"9":0,"10":0,"11":0,"12":0,"13":0,"14":0,"15":0,"16":0,"17":0,"18":0,"19":0,"20":0,"21":0,"22":0,"23":0,"24":0,"25":0,"26":0,"27":0,"28":0,"29":0,"30":0,"31":0,"32":0,"33":0,"34":0,"35":0,"36":0,"37":0,"38":0,"39":0},"f":{"0":0,"1":0,"2":0,"3":0,"4":0,"5":0,"6":0,"7":0,"8":0,"9":0,"10":0,"11":0,"12":0,"13":0,"14":0,"15":0,"16":0},"b":{"0":[0],"1":[0,0],"2":[0],"3":[0,0,0],"4":[0],"5":[0,0],"6":[0],"7":[0,0]}}
,"C:\\ownercommunity\\ownercommuntiy-data-access\\domain\\contexts\\community\\service-ticket-permissions.ts": {"path":"C:\\ownercommunity\\ownercommuntiy-data-access\\domain\\contexts\\community\\service-ticket-permissions.ts","statementMap":{"0":{"start":{"line":1,"column":0},"end":{"line":1,"column":58}},"1":{"start":{"line":8,"column":80},"end":{"line":8,"column":93}},"2":{"start":{"line":8,"column":59},"end":{"line":8,"column":77}},"3":{"start":{"line":10,"column":35},"end":{"line":10,"column":70}},"4":{"start":{"line":11,"column":35},"end":{"line":11,"column":70}},"5":{"start":{"line":12,"column":35},"end":{"line":12,"column":70}},"6":{"start":{"line":13,"column":35},"end":{"line":13,"column":70}},"7":{"start":{"line":14,"column":37},"end":{"line":14,"column":50}},"8":{"start":{"line":15,"column":43},"end":{"line":15,"column":56}},"9":{"start":{"line":16,"column":34},"end":{"line":16,"column":47}},"10":{"start":{"line":19,"column":4},"end":{"line":21,"column":null}},"11":{"start":{"line":19,"column":48},"end":{"line":19,"column":119}},"12":{"start":{"line":20,"column":6},"end":{"line":20,"column":47}},"13":{"start":{"line":22,"column":4},"end":{"line":22,"column":40}},"14":{"start":{"line":26,"column":4},"end":{"line":28,"column":null}},"15":{"start":{"line":26,"column":48},"end":{"line":26,"column":119}},"16":{"start":{"line":27,"column":6},"end":{"line":27,"column":47}},"17":{"start":{"line":29,"column":4},"end":{"line":29,"column":40}},"18":{"start":{"line":33,"column":4},"end":{"line":35,"column":null}},"19":{"start":{"line":33,"column":48},"end":{"line":33,"column":119}},"20":{"start":{"line":34,"column":6},"end":{"line":34,"column":47}},"21":{"start":{"line":36,"column":4},"end":{"line":36,"column":40}},"22":{"start":{"line":40,"column":4},"end":{"line":42,"column":null}},"23":{"start":{"line":40,"column":48},"end":{"line":40,"column":119}},"24":{"start":{"line":41,"column":6},"end":{"line":41,"column":47}},"25":{"start":{"line":43,"column":4},"end":{"line":43,"column":40}},"26":{"start":{"line":7,"column":0},"end":{"line":7,"column":13}}},"fnMap":{"0":{"name":"(anonymous_0)","decl":{"start":{"line":8,"column":2},"end":{"line":8,"column":14}},"loc":{"start":{"line":8,"column":77},"end":{"line":8,"column":94}}},"1":{"name":"(anonymous_1)","decl":{"start":{"line":10,"column":2},"end":{"line":10,"column":6}},"loc":{"start":{"line":10,"column":22},"end":{"line":10,"column":71}}},"2":{"name":"(anonymous_2)","decl":{"start":{"line":11,"column":2},"end":{"line":11,"column":6}},"loc":{"start":{"line":11,"column":22},"end":{"line":11,"column":71}}},"3":{"name":"(anonymous_3)","decl":{"start":{"line":12,"column":2},"end":{"line":12,"column":6}},"loc":{"start":{"line":12,"column":22},"end":{"line":12,"column":71}}},"4":{"name":"(anonymous_4)","decl":{"start":{"line":13,"column":2},"end":{"line":13,"column":6}},"loc":{"start":{"line":13,"column":22},"end":{"line":13,"column":71}}},"5":{"name":"(anonymous_5)","decl":{"start":{"line":14,"column":2},"end":{"line":14,"column":6}},"loc":{"start":{"line":14,"column":24},"end":{"line":14,"column":51}}},"6":{"name":"(anonymous_6)","decl":{"start":{"line":15,"column":2},"end":{"line":15,"column":6}},"loc":{"start":{"line":15,"column":29},"end":{"line":15,"column":57}}},"7":{"name":"(anonymous_7)","decl":{"start":{"line":16,"column":2},"end":{"line":16,"column":6}},"loc":{"start":{"line":16,"column":21},"end":{"line":16,"column":48}}},"8":{"name":"(anonymous_8)","decl":{"start":{"line":18,"column":9},"end":{"line":18,"column":28}},"loc":{"start":{"line":18,"column":42},"end":{"line":23,"column":3}}},"9":{"name":"(anonymous_9)","decl":{"start":{"line":19,"column":31},"end":{"line":19,"column":32}},"loc":{"start":{"line":19,"column":48},"end":{"line":19,"column":119}}},"10":{"name":"(anonymous_10)","decl":{"start":{"line":25,"column":9},"end":{"line":25,"column":28}},"loc":{"start":{"line":25,"column":42},"end":{"line":30,"column":3}}},"11":{"name":"(anonymous_11)","decl":{"start":{"line":26,"column":31},"end":{"line":26,"column":32}},"loc":{"start":{"line":26,"column":48},"end":{"line":26,"column":119}}},"12":{"name":"(anonymous_12)","decl":{"start":{"line":32,"column":9},"end":{"line":32,"column":28}},"loc":{"start":{"line":32,"column":42},"end":{"line":37,"column":3}}},"13":{"name":"(anonymous_13)","decl":{"start":{"line":33,"column":31},"end":{"line":33,"column":32}},"loc":{"start":{"line":33,"column":48},"end":{"line":33,"column":119}}},"14":{"name":"(anonymous_14)","decl":{"start":{"line":39,"column":9},"end":{"line":39,"column":28}},"loc":{"start":{"line":39,"column":42},"end":{"line":44,"column":3}}},"15":{"name":"(anonymous_15)","decl":{"start":{"line":40,"column":31},"end":{"line":40,"column":32}},"loc":{"start":{"line":40,"column":48},"end":{"line":40,"column":119}}}},"branchMap":{"0":{"loc":{"start":{"line":19,"column":4},"end":{"line":21,"column":null}},"type":"if","locations":[{"start":{"line":19,"column":4},"end":{"line":21,"column":null}}]},"1":{"loc":{"start":{"line":19,"column":48},"end":{"line":19,"column":119}},"type":"binary-expr","locations":[{"start":{"line":19,"column":48},"end":{"line":19,"column":88}},{"start":{"line":19,"column":92},"end":{"line":19,"column":119}}]},"2":{"loc":{"start":{"line":26,"column":4},"end":{"line":28,"column":null}},"type":"if","locations":[{"start":{"line":26,"column":4},"end":{"line":28,"column":null}}]},"3":{"loc":{"start":{"line":26,"column":48},"end":{"line":26,"column":119}},"type":"binary-expr","locations":[{"start":{"line":26,"column":48},"end":{"line":26,"column":88}},{"start":{"line":26,"column":92},"end":{"line":26,"column":119}}]},"4":{"loc":{"start":{"line":33,"column":4},"end":{"line":35,"column":null}},"type":"if","locations":[{"start":{"line":33,"column":4},"end":{"line":35,"column":null}}]},"5":{"loc":{"start":{"line":33,"column":48},"end":{"line":33,"column":119}},"type":"binary-expr","locations":[{"start":{"line":33,"column":48},"end":{"line":33,"column":88}},{"start":{"line":33,"column":92},"end":{"line":33,"column":119}}]},"6":{"loc":{"start":{"line":40,"column":4},"end":{"line":42,"column":null}},"type":"if","locations":[{"start":{"line":40,"column":4},"end":{"line":42,"column":null}}]},"7":{"loc":{"start":{"line":40,"column":48},"end":{"line":40,"column":119}},"type":"binary-expr","locations":[{"start":{"line":40,"column":48},"end":{"line":40,"column":88}},{"start":{"line":40,"column":92},"end":{"line":40,"column":119}}]}},"s":{"0":0,"1":0,"2":0,"3":0,"4":0,"5":0,"6":0,"7":0,"8":0,"9":0,"10":0,"11":0,"12":0,"13":0,"14":0,"15":0,"16":0,"17":0,"18":0,"19":0,"20":0,"21":0,"22":0,"23":0,"24":0,"25":0,"26":0},"f":{"0":0,"1":0,"2":0,"3":0,"4":0,"5":0,"6":0,"7":0,"8":0,"9":0,"10":0,"11":0,"12":0,"13":0,"14":0,"15":0},"b":{"0":[0],"1":[0,0],"2":[0],"3":[0,0],"4":[0],"5":[0,0],"6":[0],"7":[0,0]}}
,"C:\\ownercommunity\\ownercommuntiy-data-access\\domain\\contexts\\iam\\community-visa.ts": {"path":"C:\\ownercommunity\\ownercommuntiy-data-access\\domain\\contexts\\iam\\community-visa.ts","statementMap":{"0":{"start":{"line":7,"column":22},"end":{"line":7,"column":32}},"1":{"start":{"line":7,"column":42},"end":{"line":7,"column":71}},"2":{"start":{"line":13,"column":4},"end":{"line":16,"column":null}},"3":{"start":{"line":14,"column":6},"end":{"line":14,"column":62}},"4":{"start":{"line":15,"column":6},"end":{"line":15,"column":19}},"5":{"start":{"line":17,"column":33},"end":{"line":17,"column":82}},"6":{"start":{"line":18,"column":4},"end":{"line":21,"column":null}},"7":{"start":{"line":19,"column":6},"end":{"line":19,"column":46}},"8":{"start":{"line":20,"column":6},"end":{"line":20,"column":19}},"9":{"start":{"line":22,"column":4},"end":{"line":22,"column":61}},"10":{"start":{"line":23,"column":4},"end":{"line":23,"column":38}},"11":{"start":{"line":6,"column":0},"end":{"line":6,"column":13}}},"fnMap":{"0":{"name":"(anonymous_0)","decl":{"start":{"line":7,"column":2},"end":{"line":7,"column":22}},"loc":{"start":{"line":7,"column":71},"end":{"line":8,"column":3}}},"1":{"name":"(anonymous_1)","decl":{"start":{"line":11,"column":2},"end":{"line":11,"column":13}},"loc":{"start":{"line":11,"column":66},"end":{"line":24,"column":3}}}},"branchMap":{"0":{"loc":{"start":{"line":13,"column":4},"end":{"line":16,"column":null}},"type":"if","locations":[{"start":{"line":13,"column":4},"end":{"line":16,"column":null}}]},"1":{"loc":{"start":{"line":13,"column":7},"end":{"line":13,"column":64}},"type":"binary-expr","locations":[{"start":{"line":13,"column":7},"end":{"line":13,"column":19}},{"start":{"line":13,"column":23},"end":{"line":13,"column":64}}]},"2":{"loc":{"start":{"line":18,"column":4},"end":{"line":21,"column":null}},"type":"if","locations":[{"start":{"line":18,"column":4},"end":{"line":21,"column":null}}]}},"s":{"0":0,"1":0,"2":0,"3":0,"4":0,"5":0,"6":0,"7":0,"8":0,"9":0,"10":0,"11":0},"f":{"0":0,"1":0},"b":{"0":[0],"1":[0,0],"2":[0]}}
,"C:\\ownercommunity\\ownercommuntiy-data-access\\domain\\contexts\\iam\\member-visa.ts": {"path":"C:\\ownercommunity\\ownercommuntiy-data-access\\domain\\contexts\\iam\\member-visa.ts","statementMap":{"0":{"start":{"line":7,"column":22},"end":{"line":7,"column":32}},"1":{"start":{"line":7,"column":42},"end":{"line":7,"column":71}},"2":{"start":{"line":11,"column":4},"end":{"line":14,"column":null}},"3":{"start":{"line":12,"column":6},"end":{"line":12,"column":99}},"4":{"start":{"line":13,"column":6},"end":{"line":13,"column":19}},"5":{"start":{"line":16,"column":33},"end":{"line":16,"column":82}},"6":{"start":{"line":17,"column":4},"end":{"line":19,"column":null}},"7":{"start":{"line":18,"column":6},"end":{"line":18,"column":59}},"8":{"start":{"line":19,"column":6},"end":{"line":19,"column":19}},"9":{"start":{"line":21,"column":29},"end":{"line":23,"column":30}},"10":{"start":{"line":25,"column":4},"end":{"line":25,"column":36}},"11":{"start":{"line":6,"column":0},"end":{"line":6,"column":13}}},"fnMap":{"0":{"name":"(anonymous_0)","decl":{"start":{"line":7,"column":2},"end":{"line":7,"column":22}},"loc":{"start":{"line":7,"column":71},"end":{"line":7,"column":75}}},"1":{"name":"(anonymous_1)","decl":{"start":{"line":9,"column":2},"end":{"line":9,"column":13}},"loc":{"start":{"line":9,"column":66},"end":{"line":26,"column":3}}}},"branchMap":{"0":{"loc":{"start":{"line":11,"column":4},"end":{"line":14,"column":null}},"type":"if","locations":[{"start":{"line":11,"column":4},"end":{"line":14,"column":null}}]},"1":{"loc":{"start":{"line":11,"column":7},"end":{"line":11,"column":74}},"type":"binary-expr","locations":[{"start":{"line":11,"column":7},"end":{"line":11,"column":19}},{"start":{"line":11,"column":23},"end":{"line":11,"column":74}}]},"2":{"loc":{"start":{"line":17,"column":4},"end":{"line":19,"column":null}},"type":"if","locations":[{"start":{"line":17,"column":4},"end":{"line":19,"column":null}}]}},"s":{"0":0,"1":0,"2":0,"3":0,"4":0,"5":0,"6":0,"7":0,"8":0,"9":0,"10":0,"11":0},"f":{"0":0,"1":0},"b":{"0":[0],"1":[0,0],"2":[0]}}
,"C:\\ownercommunity\\ownercommuntiy-data-access\\domain\\contexts\\iam\\passport.ts": {"path":"C:\\ownercommunity\\ownercommuntiy-data-access\\domain\\contexts\\iam\\passport.ts","statementMap":{"0":{"start":{"line":7,"column":0},"end":{"line":7,"column":68}},"1":{"start":{"line":8,"column":0},"end":{"line":8,"column":47}},"2":{"start":{"line":9,"column":0},"end":{"line":9,"column":65}},"3":{"start":{"line":10,"column":0},"end":{"line":10,"column":43}},"4":{"start":{"line":11,"column":0},"end":{"line":11,"column":81}},"5":{"start":{"line":12,"column":0},"end":{"line":12,"column":53}},"6":{"start":{"line":14,"column":13},"end":{"line":14,"column":37}},"7":{"start":{"line":32,"column":21},"end":{"line":32,"column":46}},"8":{"start":{"line":33,"column":21},"end":{"line":33,"column":50}},"9":{"start":{"line":34,"column":21},"end":{"line":34,"column":59}},"10":{"start":{"line":36,"column":4},"end":{"line":38,"column":null}},"11":{"start":{"line":36,"column":40},"end":{"line":36,"column":67}},"12":{"start":{"line":37,"column":6},"end":{"line":37,"column":97}},"13":{"start":{"line":41,"column":4},"end":{"line":41,"column":48}},"14":{"start":{"line":44,"column":4},"end":{"line":44,"column":51}},"15":{"start":{"line":47,"column":4},"end":{"line":47,"column":45}},"16":{"start":{"line":50,"column":4},"end":{"line":50,"column":46}},"17":{"start":{"line":53,"column":4},"end":{"line":53,"column":44}},"18":{"start":{"line":56,"column":4},"end":{"line":56,"column":50}},"19":{"start":{"line":59,"column":4},"end":{"line":59,"column":55}},"20":{"start":{"line":30,"column":0},"end":{"line":30,"column":13}},"21":{"start":{"line":68,"column":4},"end":{"line":68,"column":34}},"22":{"start":{"line":71,"column":4},"end":{"line":71,"column":40}},"23":{"start":{"line":71,"column":32},"end":{"line":71,"column":37}},"24":{"start":{"line":74,"column":4},"end":{"line":74,"column":40}},"25":{"start":{"line":74,"column":32},"end":{"line":74,"column":37}},"26":{"start":{"line":77,"column":4},"end":{"line":77,"column":40}},"27":{"start":{"line":77,"column":32},"end":{"line":77,"column":37}},"28":{"start":{"line":80,"column":4},"end":{"line":80,"column":40}},"29":{"start":{"line":80,"column":32},"end":{"line":80,"column":37}},"30":{"start":{"line":83,"column":4},"end":{"line":83,"column":40}},"31":{"start":{"line":83,"column":32},"end":{"line":83,"column":37}},"32":{"start":{"line":86,"column":4},"end":{"line":86,"column":40}},"33":{"start":{"line":86,"column":32},"end":{"line":86,"column":37}},"34":{"start":{"line":89,"column":4},"end":{"line":89,"column":40}},"35":{"start":{"line":89,"column":32},"end":{"line":89,"column":37}},"36":{"start":{"line":63,"column":0},"end":{"line":63,"column":13}},"37":{"start":{"line":101,"column":10},"end":{"line":110,"column":null}},"38":{"start":{"line":111,"column":10},"end":{"line":116,"column":null}},"39":{"start":{"line":117,"column":10},"end":{"line":125,"column":null}},"40":{"start":{"line":99,"column":4},"end":{"line":99,"column":32}},"41":{"start":{"line":127,"column":4},"end":{"line":127,"column":62}},"42":{"start":{"line":127,"column":35},"end":{"line":127,"column":59}},"43":{"start":{"line":130,"column":4},"end":{"line":130,"column":62}},"44":{"start":{"line":130,"column":35},"end":{"line":130,"column":59}},"45":{"start":{"line":133,"column":4},"end":{"line":133,"column":63}},"46":{"start":{"line":133,"column":36},"end":{"line":133,"column":60}},"47":{"start":{"line":136,"column":4},"end":{"line":136,"column":62}},"48":{"start":{"line":136,"column":35},"end":{"line":136,"column":59}},"49":{"start":{"line":139,"column":4},"end":{"line":139,"column":40}},"50":{"start":{"line":139,"column":32},"end":{"line":139,"column":37}},"51":{"start":{"line":142,"column":4},"end":{"line":142,"column":62}},"52":{"start":{"line":142,"column":36},"end":{"line":142,"column":59}},"53":{"start":{"line":145,"column":4},"end":{"line":145,"column":67}},"54":{"start":{"line":145,"column":36},"end":{"line":145,"column":64}},"55":{"start":{"line":94,"column":0},"end":{"line":94,"column":13}}},"fnMap":{"0":{"name":"(anonymous_0)","decl":{"start":{"line":31,"column":2},"end":{"line":31,"column":null}},"loc":{"start":{"line":34,"column":63},"end":{"line":39,"column":3}}},"1":{"name":"(anonymous_1)","decl":{"start":{"line":36,"column":29},"end":{"line":36,"column":36}},"loc":{"start":{"line":36,"column":40},"end":{"line":36,"column":67}}},"2":{"name":"(anonymous_2)","decl":{"start":{"line":40,"column":2},"end":{"line":40,"column":11}},"loc":{"start":{"line":40,"column":39},"end":{"line":42,"column":3}}},"3":{"name":"(anonymous_3)","decl":{"start":{"line":43,"column":2},"end":{"line":43,"column":14}},"loc":{"start":{"line":43,"column":45},"end":{"line":45,"column":3}}},"4":{"name":"(anonymous_4)","decl":{"start":{"line":46,"column":2},"end":{"line":46,"column":21}},"loc":{"start":{"line":46,"column":21},"end":{"line":48,"column":3}}},"5":{"name":"(anonymous_5)","decl":{"start":{"line":49,"column":2},"end":{"line":49,"column":9}},"loc":{"start":{"line":49,"column":35},"end":{"line":51,"column":3}}},"6":{"name":"(anonymous_6)","decl":{"start":{"line":52,"column":2},"end":{"line":52,"column":9}},"loc":{"start":{"line":52,"column":35},"end":{"line":54,"column":3}}},"7":{"name":"(anonymous_7)","decl":{"start":{"line":55,"column":2},"end":{"line":55,"column":13}},"loc":{"start":{"line":55,"column":43},"end":{"line":57,"column":3}}},"8":{"name":"(anonymous_8)","decl":{"start":{"line":58,"column":2},"end":{"line":58,"column":18}},"loc":{"start":{"line":58,"column":53},"end":{"line":60,"column":3}}},"9":{"name":"(anonymous_9)","decl":{"start":{"line":64,"column":2},"end":{"line":64,"column":null}},"loc":{"start":{"line":64,"column":2},"end":{"line":66,"column":3}}},"10":{"name":"(anonymous_10)","decl":{"start":{"line":67,"column":9},"end":{"line":67,"column":15}},"loc":{"start":{"line":67,"column":27},"end":{"line":69,"column":3}}},"11":{"name":"(anonymous_11)","decl":{"start":{"line":70,"column":2},"end":{"line":70,"column":11}},"loc":{"start":{"line":70,"column":41},"end":{"line":72,"column":3}}},"12":{"name":"(anonymous_12)","decl":{"start":{"line":71,"column":26},"end":{"line":71,"column":29}},"loc":{"start":{"line":71,"column":32},"end":{"line":71,"column":37}}},"13":{"name":"(anonymous_13)","decl":{"start":{"line":73,"column":2},"end":{"line":73,"column":14}},"loc":{"start":{"line":73,"column":46},"end":{"line":75,"column":3}}},"14":{"name":"(anonymous_14)","decl":{"start":{"line":74,"column":26},"end":{"line":74,"column":29}},"loc":{"start":{"line":74,"column":32},"end":{"line":74,"column":37}}},"15":{"name":"(anonymous_15)","decl":{"start":{"line":76,"column":2},"end":{"line":76,"column":21}},"loc":{"start":{"line":76,"column":21},"end":{"line":78,"column":3}}},"16":{"name":"(anonymous_16)","decl":{"start":{"line":77,"column":26},"end":{"line":77,"column":29}},"loc":{"start":{"line":77,"column":32},"end":{"line":77,"column":37}}},"17":{"name":"(anonymous_17)","decl":{"start":{"line":79,"column":2},"end":{"line":79,"column":9}},"loc":{"start":{"line":79,"column":36},"end":{"line":81,"column":3}}},"18":{"name":"(anonymous_18)","decl":{"start":{"line":80,"column":26},"end":{"line":80,"column":29}},"loc":{"start":{"line":80,"column":32},"end":{"line":80,"column":37}}},"19":{"name":"(anonymous_19)","decl":{"start":{"line":82,"column":2},"end":{"line":82,"column":9}},"loc":{"start":{"line":82,"column":36},"end":{"line":84,"column":3}}},"20":{"name":"(anonymous_20)","decl":{"start":{"line":83,"column":26},"end":{"line":83,"column":29}},"loc":{"start":{"line":83,"column":32},"end":{"line":83,"column":37}}},"21":{"name":"(anonymous_21)","decl":{"start":{"line":85,"column":2},"end":{"line":85,"column":13}},"loc":{"start":{"line":85,"column":44},"end":{"line":87,"column":3}}},"22":{"name":"(a
[...]
n":10},"end":{"line":190,"column":23}},"loc":{"start":{"line":190,"column":35},"end":{"line":217,"column":3}}},"16":{"name":"(anonymous_16)","decl":{"start":{"line":200,"column":45},"end":{"line":200,"column":46}},"loc":{"start":{"line":200,"column":63},"end":{"line":206,"column":5}}}},"branchMap":{"0":{"loc":{"start":{"line":99,"column":6},"end":{"line":101,"column":null}},"type":"if","locations":[{"start":{"line":99,"column":6},"end":{"line":101,"column":null}}]},"1":{"loc":{"start":{"line":99,"column":10},"end":{"line":99,"column":87}},"type":"binary-expr","locations":[{"start":{"line":99,"column":10},"end":{"line":99,"column":19}},{"start":{"line":99,"column":23},"end":{"line":99,"column":87}}]},"2":{"loc":{"start":{"line":121,"column":17},"end":{"line":121,"column":52}},"type":"binary-expr","locations":[{"start":{"line":121,"column":17},"end":{"line":121,"column":45}},{"start":{"line":121,"column":49},"end":{"line":121,"column":52}}]},"3":{"loc":{"start":{"line":128,"column":4},"end":{"line":142,"column":null}},"type":"if","locations":[{"start":{"line":128,"column":4},"end":{"line":142,"column":null}}]},"4":{"loc":{"start":{"line":131,"column":8},"end":{"line":135,"column":null}},"type":"if","locations":[{"start":{"line":131,"column":8},"end":{"line":135,"column":null}}]},"5":{"loc":{"start":{"line":159,"column":4},"end":{"line":161,"column":null}},"type":"if","locations":[{"start":{"line":159,"column":4},"end":{"line":161,"column":null}}]},"6":{"loc":{"start":{"line":166,"column":4},"end":{"line":168,"column":null}},"type":"if","locations":[{"start":{"line":166,"column":4},"end":{"line":168,"column":null}}]},"7":{"loc":{"start":{"line":166,"column":8},"end":{"line":166,"column":70}},"type":"binary-expr","locations":[{"start":{"line":166,"column":8},"end":{"line":166,"column":53}},{"start":{"line":166,"column":57},"end":{"line":166,"column":70}}]},"8":{"loc":{"start":{"line":192,"column":4},"end":{"line":194,"column":null}},"type":"if","locations":[{"start":{"line":192,"column":4},"end":{"line":194,"column":null}}]},"9":{"loc":{"start":{"line":197,"column":18},"end":{"line":197,"column":83}},"type":"cond-expr","locations":[{"start":{"line":197,"column":48},"end":{"line":197,"column":69}},{"start":{"line":197,"column":72},"end":{"line":197,"column":83}}]},"10":{"loc":{"start":{"line":204,"column":8},"end":{"line":204,"column":100}},"type":"binary-expr","locations":[{"start":{"line":204,"column":8},"end":{"line":204,"column":24}},{"start":{"line":204,"column":28},"end":{"line":204,"column":61}},{"start":{"line":204,"column":65},"end":{"line":204,"column":100}}]}},"s":{"0":1,"1":1,"2":1,"3":0,"4":0,"5":0,"6":0,"7":0,"8":0,"9":0,"10":0,"11":0,"12":0,"13":0,"14":0,"15":0,"16":0,"17":0,"18":0,"19":0,"20":0,"21":0,"22":0,"23":0,"24":0,"25":0,"26":0,"27":0,"28":0,"29":0,"30":0,"31":0,"32":0,"33":0,"34":0,"35":0,"36":0,"37":0,"38":0,"39":0,"40":0,"41":0,"42":0,"43":0,"44":0,"45":0,"46":0,"47":0,"48":0,"49":0,"50":0,"51":0,"52":0,"53":0,"54":0,"55":0,"56":0,"57":0,"58":0,"59":0,"60":0,"61":0,"62":0,"63":0,"64":0,"65":0,"66":0,"67":0,"68":0,"69":0,"70":0,"71":1},"f":{"0":0,"1":0,"2":0,"3":0,"4":0,"5":0,"6":0,"7":0,"8":0,"9":0,"10":0,"11":0,"12":0,"13":0,"14":0,"15":0,"16":0},"b":{"0":[0],"1":[0,0],"2":[0,0],"3":[0],"4":[0],"5":[0],"6":[0],"7":[0,0],"8":[0],"9":[0,0],"10":[0,0,0]}}
,"C:\\ownercommunity\\ownercommuntiy-data-access\\infrastructure\\services\\blob-storage\\blob-actions.ts": {"path":"C:\\ownercommunity\\ownercommuntiy-data-access\\infrastructure\\services\\blob-storage\\blob-actions.ts","statementMap":{"0":{"start":{"line":1,"column":0},"end":{"line":1,"column":125}},"1":{"start":{"line":5,"column":29},"end":{"line":5,"column":48}},"2":{"start":{"line":5,"column":58},"end":{"line":5,"column":76}},"3":{"start":{"line":9,"column":9},"end":{"line":13,"column":null}},"4":{"start":{"line":9,"column":66},"end":{"line":13,"column":null}},"5":{"start":{"line":10,"column":18},"end":{"line":10,"column":104}},"6":{"start":{"line":11,"column":23},"end":{"line":11,"column":77}},"7":{"start":{"line":12,"column":4},"end":{"line":12,"column":30}},"8":{"start":{"line":14,"column":9},"end":{"line":18,"column":null}},"9":{"start":{"line":14,"column":83},"end":{"line":18,"column":null}},"10":{"start":{"line":15,"column":18},"end":{"line":15,"column":104}},"11":{"start":{"line":16,"column":23},"end":{"line":16,"column":77}},"12":{"start":{"line":17,"column":4},"end":{"line":17,"column":47}},"13":{"start":{"line":20,"column":9},"end":{"line":28,"column":null}},"14":{"start":{"line":20,"column":54},"end":{"line":28,"column":null}},"15":{"start":{"line":21,"column":30},"end":{"line":21,"column":131}},"16":{"start":{"line":22,"column":28},"end":{"line":22,"column":75}},"17":{"start":{"line":23,"column":41},"end":{"line":23,"column":null}},"18":{"start":{"line":26,"column":4},"end":{"line":26,"column":28}},"19":{"start":{"line":27,"column":4},"end":{"line":27,"column":53}},"20":{"start":{"line":6,"column":4},"end":{"line":6,"column":null}},"21":{"start":{"line":3,"column":0},"end":{"line":3,"column":13}}},"fnMap":{"0":{"name":"(anonymous_7)","decl":{"start":{"line":5,"column":2},"end":{"line":5,"column":29}},"loc":{"start":{"line":5,"column":76},"end":{"line":7,"column":3}}},"1":{"name":"(anonymous_8)","decl":{"start":{"line":9,"column":22},"end":{"line":9,"column":29}},"loc":{"start":{"line":9,"column":66},"end":{"line":13,"column":null}}},"2":{"name":"(anonymous_9)","decl":{"start":{"line":9,"column":66},"end":{"line":9,"column":null}},"loc":{"start":{"line":9,"column":66},"end":{"line":13,"column":3}}},"3":{"name":"(anonymous_10)","decl":{"start":{"line":14,"column":26},"end":{"line":14,"column":33}},"loc":{"start":{"line":14,"column":83},"end":{"line":18,"column":null}}},"4":{"name":"(anonymous_11)","decl":{"start":{"line":14,"column":83},"end":{"line":14,"column":null}},"loc":{"start":{"line":14,"column":83},"end":{"line":18,"column":3}}},"5":{"name":"(anonymous_12)","decl":{"start":{"line":20,"column":27},"end":{"line":20,"column":34}},"loc":{"start":{"line":20,"column":54},"end":{"line":28,"column":null}}},"6":{"name":"(anonymous_13)","decl":{"start":{"line":20,"column":54},"end":{"line":20,"column":null}},"loc":{"start":{"line":20,"column":54},"end":{"line":28,"column":3}}}},"branchMap":{},"s":{"0":1,"1":0,"2":0,"3":0,"4":0,"5":0,"6":0,"7":0,"8":0,"9":0,"10":0,"11":0,"12":0,"13":0,"14":0,"15":0,"16":0,"17":0,"18":0,"19":0,"20":0,"21":1},"f":{"0":0,"1":0,"2":0,"3":0,"4":0,"5":0,"6":0},"b":{}}
,"C:\\ownercommunity\\ownercommuntiy-data-access\\infrastructure\\services\\blob-storage\\blob-request.ts": {"path":"C:\\ownercommunity\\ownercommuntiy-data-access\\infrastructure\\services\\blob-storage\\blob-request.ts","statementMap":{"0":{"start":{"line":1,"column":0},"end":{"line":1,"column":46}},"1":{"start":{"line":2,"column":0},"end":{"line":2,"column":50}},"2":{"start":{"line":14,"column":24},"end":{"line":14,"column":41}},"3":{"start":{"line":17,"column":4},"end":{"line":17,"column":31}},"4":{"start":{"line":18,"column":4},"end":{"line":18,"column":98}},"5":{"start":{"line":19,"column":4},"end":{"line":19,"column":68}},"6":{"start":{"line":20,"column":4},"end":{"line":20,"column":75}},"7":{"start":{"line":23,"column":4},"end":{"line":23,"column":73}},"8":{"start":{"line":24,"column":4},"end":{"line":24,"column":67}},"9":{"start":{"line":25,"column":4},"end":{"line":25,"column":71}},"10":{"start":{"line":28,"column":4},"end":{"line":28,"column":89}},"11":{"start":{"line":30,"column":4},"end":{"line":30,"column":23}},"12":{"start":{"line":34,"column":24},"end":{"line":34,"column":41}},"13":{"start":{"line":37,"column":4},"end":{"line":37,"column":31}},"14":{"start":{"line":38,"column":4},"end":{"line":38,"column":98}},"15":{"start":{"line":39,"column":4},"end":{"line":39,"column":68}},"16":{"start":{"line":42,"column":4},"end":{"line":42,"column":73}},"17":{"start":{"line":43,"column":4},"end":{"line":43,"column":81}},"18":{"start":{"line":44,"column":4},"end":{"line":44,"column":71}},"19":{"start":{"line":47,"column":4},"end":{"line":47,"column":89}},"20":{"start":{"line":49,"column":4},"end":{"line":49,"column":23}},"21":{"start":{"line":8,"column":0},"end":{"line":8,"column":13}}},"fnMap":{"0":{"name":"(anonymous_0)","decl":{"start":{"line":13,"column":9},"end":{"line":13,"column":22}},"loc":{"start":{"line":13,"column":167},"end":{"line":31,"column":3}}},"1":{"name":"(anonymous_1)","decl":{"start":{"line":33,"column":9},"end":{"line":33,"column":26}},"loc":{"start":{"line":33,"column":129},"end":{"line":50,"column":3}}}},"branchMap":{"0":{"loc":{"start":{"line":13,"column":125},"end":{"line":13,"column":167}},"type":"default-arg","locations":[{"start":{"line":13,"column":141},"end":{"line":13,"column":167}}]},"1":{"loc":{"start":{"line":33,"column":87},"end":{"line":33,"column":129}},"type":"default-arg","locations":[{"start":{"line":33,"column":103},"end":{"line":33,"column":129}}]}},"s":{"0":1,"1":1,"2":0,"3":0,"4":0,"5":0,"6":0,"7":0,"8":0,"9":0,"10":0,"11":0,"12":0,"13":0,"14":0,"15":0,"16":0,"17":0,"18":0,"19":0,"20":0,"21":1},"f":{"0":0,"1":0},"b":{"0":[0],"1":[0]}}
,"C:\\ownercommunity\\ownercommuntiy-data-access\\infrastructure\\services\\blob-storage\\constants.ts": {"path":"C:\\ownercommunity\\ownercommuntiy-data-access\\infrastructure\\services\\blob-storage\\constants.ts","statementMap":{"0":{"start":{"line":1,"column":13},"end":{"line":26,"column":2}}},"fnMap":{},"branchMap":{},"s":{"0":1},"f":{},"b":{}}
,"C:\\ownercommunity\\ownercommuntiy-data-access\\infrastructure\\services\\blob-storage\\index.ts": {"path":"C:\\ownercommunity\\ownercommuntiy-data-access\\infrastructure\\services\\blob-storage\\index.ts","statementMap":{"0":{"start":{"line":1,"column":0},"end":{"line":1,"column":45}},"1":{"start":{"line":2,"column":0},"end":{"line":2,"column":43}},"2":{"start":{"line":3,"column":0},"end":{"line":3,"column":45}},"3":{"start":{"line":4,"column":0},"end":{"line":4,"column":45}},"4":{"start":{"line":13,"column":37},"end":{"line":13,"column":76}},"5":{"start":{"line":15,"column":4},"end":{"line":15,"column":35}},"6":{"start":{"line":16,"column":4},"end":{"line":16,"column":33}},"7":{"start":{"line":20,"column":4},"end":{"line":20,"column":98}},"8":{"start":{"line":23,"column":4},"end":{"line":23,"column":107}},"9":{"start":{"line":26,"column":4},"end":{"line":26,"column":94}},"10":{"start":{"line":30,"column":22},"end":{"line":36,"column":null}},"11":{"start":{"line":38,"column":4},"end":{"line":38,"column":95}},"12":{"start":{"line":42,"column":22},"end":{"line":46,"column":null}},"13":{"start":{"line":48,"column":4},"end":{"line":48,"column":99}},"14":{"start":{"line":6,"column":0},"end":{"line":6,"column":13}}},"fnMap":{"0":{"name":"(anonymous_0)","decl":{"start":{"line":12,"column":2},"end":{"line":12,"column":null}},"loc":{"start":{"line":12,"column":2},"end":{"line":17,"column":3}}},"1":{"name":"(anonymous_1)","decl":{"start":{"line":19,"column":9},"end":{"line":19,"column":19}},"loc":{"start":{"line":19,"column":57},"end":{"line":21,"column":3}}},"2":{"name":"(anonymous_2)","decl":{"start":{"line":22,"column":9},"end":{"line":22,"column":23}},"loc":{"start":{"line":22,"column":72},"end":{"line":24,"column":3}}},"3":{"name":"(anonymous_3)","decl":{"start":{"line":25,"column":9},"end":{"line":25,"column":24}},"loc":{"start":{"line":25,"column":45},"end":{"line":27,"column":3}}},"4":{"name":"(anonymous_4)","decl":{"start":{"line":29,"column":9},"end":{"line":29,"column":26}},"loc":{"start":{"line":29,"column":120},"end":{"line":39,"column":3}}},"5":{"name":"(anonymous_5)","decl":{"start":{"line":41,"column":9},"end":{"line":41,"column":30}},"loc":{"start":{"line":41,"column":83},"end":{"line":49,"column":3}}}},"branchMap":{},"s":{"0":1,"1":1,"2":1,"3":1,"4":0,"5":0,"6":0,"7":0,"8":0,"9":0,"10":0,"11":0,"12":0,"13":0,"14":1},"f":{"0":0,"1":0,"2":0,"3":0,"4":0,"5":0},"b":{}}
,"C:\\ownercommunity\\ownercommuntiy-data-access\\infrastructure\\services\\cognative-search\\index.ts": {"path":"C:\\ownercommunity\\ownercommuntiy-data-access\\infrastructure\\services\\cognative-search\\index.ts","statementMap":{"0":{"start":{"line":1,"column":0},"end":{"line":1,"column":107}},"1":{"start":{"line":4,"column":19},"end":{"line":4,"column":54}},"2":{"start":{"line":5,"column":19},"end":{"line":5,"column":58}},"3":{"start":{"line":7,"column":10},"end":{"line":7,"column":100}},"4":{"start":{"line":18,"column":24},"end":{"line":18,"column":87}},"5":{"start":{"line":19,"column":21},"end":{"line":19,"column":59}},"6":{"start":{"line":20,"column":4},"end":{"line":20,"column":62}},"7":{"start":{"line":10,"column":18},"end":{"line":10,"column":37}},"8":{"start":{"line":11,"column":4},"end":{"line":13,"column":null}},"9":{"start":{"line":12,"column":6},"end":{"line":12,"column":67}},"10":{"start":{"line":14,"column":4},"end":{"line":14,"column":17}},"11":{"start":{"line":24,"column":4},"end":{"line":24,"column":49}},"12":{"start":{"line":24,"column":42},"end":{"line":24,"column":49}},"13":{"start":{"line":25,"column":4},"end":{"line":31,"column":7}},"14":{"start":{"line":26,"column":6},"end":{"line":26,"column":55}},"15":{"start":{"line":27,"column":6},"end":{"line":27,"column":19}},"16":{"start":{"line":29,"column":6},"end":{"line":29,"column":107}},"17":{"start":{"line":30,"column":6},"end":{"line":30,"column":54}},"18":{"start":{"line":32,"column":4},"end":{"line":32,"column":78}},"19":{"start":{"line":37,"column":23},"end":{"line":37,"column":56}},"20":{"start":{"line":39,"column":4},"end":{"line":39,"column":52}},"21":{"start":{"line":3,"column":0},"end":{"line":3,"column":13}}},"fnMap":{"0":{"name":"(anonymous_7)","decl":{"start":{"line":17,"column":2},"end":{"line":17,"column":null}},"loc":{"start":{"line":17,"column":2},"end":{"line":21,"column":3}}},"1":{"name":"(anonymous_8)","decl":{"start":{"line":9,"column":2},"end":{"line":9,"column":14}},"loc":{"start":{"line":9,"column":28},"end":{"line":15,"column":3}}},"2":{"name":"(anonymous_9)","decl":{"start":{"line":23,"column":8},"end":{"line":23,"column":30}},"loc":{"start":{"line":23,"column":76},"end":{"line":33,"column":null}}},"3":{"name":"(anonymous_11)","decl":{"start":{"line":25,"column":47},"end":{"line":25,"column":48}},"loc":{"start":{"line":25,"column":57},"end":{"line":28,"column":5}}},"4":{"name":"(anonymous_12)","decl":{"start":{"line":28,"column":13},"end":{"line":28,"column":16}},"loc":{"start":{"line":28,"column":19},"end":{"line":31,"column":5}}},"5":{"name":"(anonymous_13)","decl":{"start":{"line":35,"column":8},"end":{"line":35,"column":21}},"loc":{"start":{"line":35,"column":52},"end":{"line":40,"column":null}}}},"branchMap":{"0":{"loc":{"start":{"line":11,"column":4},"end":{"line":13,"column":null}},"type":"if","locations":[{"start":{"line":11,"column":4},"end":{"line":13,"column":null}}]},"1":{"loc":{"start":{"line":24,"column":4},"end":{"line":24,"column":49}},"type":"if","locations":[{"start":{"line":24,"column":4},"end":{"line":24,"column":49}}]}},"s":{"0":0,"1":0,"2":0,"3":0,"4":0,"5":0,"6":0,"7":0,"8":0,"9":0,"10":0,"11":0,"12":0,"13":0,"14":0,"15":0,"16":0,"17":0,"18":0,"19":0,"20":0,"21":0},"f":{"0":0,"1":0,"2":0,"3":0,"4":0,"5":0},"b":{"0":[0],"1":[0]}}
,"C:\\ownercommunity\\ownercommuntiy-data-access\\infrastructure\\services\\content-moderator\\index.ts": {"path":"C:\\ownercommunity\\ownercommuntiy-data-access\\infrastructure\\services\\content-moderator\\index.ts","statementMap":{"0":{"start":{"line":1,"column":0},"end":{"line":1,"column":83}},"1":{"start":{"line":2,"column":0},"end":{"line":2,"column":71}},"2":{"start":{"line":4,"column":0},"end":{"line":4,"column":null}},"3":{"start":{"line":5,"column":2},"end":{"line":5,"column":null}},"4":{"start":{"line":6,"column":2},"end":{"line":6,"column":null}},"5":{"start":{"line":7,"column":2},"end":{"line":7,"column":null}},"6":{"start":{"line":8,"column":2},"end":{"line":8,"column":null}},"7":{"start":{"line":16,"column":19},"end":{"line":16,"column":80}},"8":{"start":{"line":17,"column":19},"end":{"line":17,"column":65}},"9":{"start":{"line":29,"column":24},"end":{"line":29,"column":103}},"10":{"start":{"line":30,"column":21},"end":{"line":30,"column":59}},"11":{"start":{"line":31,"column":4},"end":{"line":31,"column":68}},"12":{"start":{"line":21,"column":18},"end":{"line":21,"column":37}},"13":{"start":{"line":22,"column":4},"end":{"line":24,"column":null}},"14":{"start":{"line":23,"column":6},"end":{"line":23,"column":67}},"15":{"start":{"line":25,"column":4},"end":{"line":25,"column":17}},"16":{"start":{"line":35,"column":4},"end":{"line":35,"column":54}},"17":{"start":{"line":36,"column":4},"end":{"line":51,"column":9}},"18":{"start":{"line":46,"column":8},"end":{"line":46,"column":68}},"19":{"start":{"line":47,"column":8},"end":{"line":50,"column":null}},"20":{"start":{"line":15,"column":0},"end":{"line":15,"column":13}}},"fnMap":{"0":{"name":"(anonymous_0)","decl":{"start":{"line":4,"column":0},"end":{"line":4,"column":12}},"loc":{"start":{"line":4,"column":32},"end":{"line":9,"column":1}}},"1":{"name":"(anonymous_1)","decl":{"start":{"line":28,"column":2},"end":{"line":28,"column":null}},"loc":{"start":{"line":28,"column":2},"end":{"line":32,"column":3}}},"2":{"name":"(anonymous_2)","decl":{"start":{"line":20,"column":2},"end":{"line":20,"column":14}},"loc":{"start":{"line":20,"column":28},"end":{"line":26,"column":3}}},"3":{"name":"(anonymous_3)","decl":{"start":{"line":34,"column":2},"end":{"line":34,"column":14}},"loc":{"start":{"line":34,"column":71},"end":{"line":52,"column":3}}},"4":{"name":"(anonymous_4)","decl":{"start":{"line":45,"column":12},"end":{"line":45,"column":18}},"loc":{"start":{"line":45,"column":21},"end":{"line":51,"column":7}}}},"branchMap":{"0":{"loc":{"start":{"line":4,"column":12},"end":{"line":4,"column":null}},"type":"binary-expr","locations":[{"start":{"line":4,"column":12},"end":{"line":4,"column":32}},{"start":{"line":4,"column":12},"end":{"line":4,"column":null}}]},"1":{"loc":{"start":{"line":22,"column":4},"end":{"line":24,"column":null}},"type":"if","locations":[{"start":{"line":22,"column":4},"end":{"line":24,"column":null}}]}},"s":{"0":0,"1":0,"2":0,"3":0,"4":0,"5":0,"6":0,"7":0,"8":0,"9":0,"10":0,"11":0,"12":0,"13":0,"14":0,"15":0,"16":0,"17":0,"18":0,"19":0,"20":0},"f":{"0":0,"1":0,"2":0,"3":0,"4":0},"b":{"0":[0,0],"1":[0]}}
,"C:\\ownercommunity\\ownercommuntiy-data-access\\infrastructure\\services\\content-moderator\\moderate-content-batch.ts": {"path":"C:\\ownercommunity\\ownercommuntiy-data-access\\infrastructure\\services\\content-moderator\\moderate-content-batch.ts","statementMap":{"0":{"start":{"line":1,"column":0},"end":{"line":1,"column":65}},"1":{"start":{"line":9,"column":25},"end":{"line":9,"column":47}},"2":{"start":{"line":10,"column":2},"end":{"line":19,"column":null}},"3":{"start":{"line":11,"column":25},"end":{"line":11,"column":45}},"4":{"start":{"line":12,"column":4},"end":{"line":14,"column":null}},"5":{"start":{"line":13,"column":6},"end":{"line":13,"column":15}},"6":{"start":{"line":15,"column":17},"end":{"line":15,"column":100}},"7":{"start":{"line":16,"column":4},"end":{"line":18,"column":null}},"8":{"start":{"line":17,"column":6},"end":{"line":17,"column":70}},"9":{"start":{"line":20,"column":2},"end":{"line":20,"column":64}},"10":{"start":{"line":8,"column":0},"end":{"line":8,"column":22}}},"fnMap":{"0":{"name":"moderateContentBatch","decl":{"start":{"line":8,"column":22},"end":{"line":8,"column":42}},"loc":{"start":{"line":8,"column":79},"end":{"line":21,"column":null}}}},"branchMap":{"0":{"loc":{"start":{"line":12,"column":4},"end":{"line":14,"column":null}},"type":"if","locations":[{"start":{"line":12,"column":4},"end":{"line":14,"column":null}}]},"1":{"loc":{"start":{"line":16,"column":4},"end":{"line":18,"column":null}},"type":"if","locations":[{"start":{"line":16,"column":4},"end":{"line":18,"column":null}}]}},"s":{"0":0,"1":0,"2":0,"3":0,"4":0,"5":0,"6":0,"7":0,"8":0,"9":0,"10":0},"f":{"0":0},"b":{"0":[0],"1":[0]}}
}
